<?xml version="1.0" encoding="UTF-8"?>
<robot generator="Robot 5.0.1 (Python 3.10.2 on win32)" generated="20220629 16:20:19.412" rpa="false" schemaversion="3">
<suite id="s1" name="automationPractice" source="C:\Junior\QA\AutomationPractice\automationPractice.robot">
<test id="s1-t1" name="Start test Automation" line="20">
<kw name="Open Url" library="main">
<doc>Open browser and maximize</doc>
<kw name="Open Browser" library="SeleniumLibrary">
<arg>${base_url}</arg>
<arg>${browser_type}</arg>
<doc>Opens a new browser instance to the optional ``url``.</doc>
<msg timestamp="20220629 16:20:19.682" level="INFO">Opening browser 'chrome' to base url 'http://automationpractice.com/index.php'.</msg>
<status status="PASS" starttime="20220629 16:20:19.682" endtime="20220629 16:20:31.516"/>
</kw>
<kw name="Maximize Browser Window" library="SeleniumLibrary">
<doc>Maximizes current browser window.</doc>
<status status="PASS" starttime="20220629 16:20:31.516" endtime="20220629 16:20:31.644"/>
</kw>
<status status="PASS" starttime="20220629 16:20:19.682" endtime="20220629 16:20:31.644"/>
</kw>
<doc>Automation practice will be start</doc>
<status status="PASS" starttime="20220629 16:20:19.682" endtime="20220629 16:20:31.644"/>
</test>
<test id="s1-t2" name="Check Homepage Test" line="25">
<kw name="Run Keyword If" library="BuiltIn">
<arg>'${runtest}' == 'All' or '${runtest}' == 'Homepage'</arg>
<arg>Start test Homepage</arg>
<doc>Runs the given keyword with the given arguments, if ``condition`` is true.</doc>
<kw name="Start test Homepage" library="homepage">
<doc>Starting homepage test</doc>
<kw name="Verify Homepage" library="homepageKeyword">
<doc>Need to verify homepage</doc>
<kw name="Location Should Be" library="SeleniumLibrary">
<arg>${base_url}</arg>
<doc>Verifies that the current URL is exactly ``url``.</doc>
<msg timestamp="20220629 16:20:31.692" level="INFO">Current location is 'http://automationpractice.com/index.php'.</msg>
<status status="PASS" starttime="20220629 16:20:31.659" endtime="20220629 16:20:31.693"/>
</kw>
<status status="PASS" starttime="20220629 16:20:31.658" endtime="20220629 16:20:31.695"/>
</kw>
<kw name="Verify Features Display" library="homepageKeyword">
<doc>Need to check feature on homepage</doc>
<kw name="Element Should Be Visible" library="SeleniumLibrary">
<arg>${featuresHome}</arg>
<doc>Verifies that the element identified by ``locator`` is visible.</doc>
<msg timestamp="20220629 16:20:31.744" level="INFO">Element '//a[@class="homefeatured"]' is displayed.</msg>
<status status="PASS" starttime="20220629 16:20:31.700" endtime="20220629 16:20:31.744"/>
</kw>
<status status="PASS" starttime="20220629 16:20:31.696" endtime="20220629 16:20:31.744"/>
</kw>
<status status="PASS" starttime="20220629 16:20:31.657" endtime="20220629 16:20:31.744"/>
</kw>
<status status="PASS" starttime="20220629 16:20:31.653" endtime="20220629 16:20:31.744"/>
</kw>
<doc>Check if Homepage test need to be run</doc>
<status status="PASS" starttime="20220629 16:20:31.652" endtime="20220629 16:20:31.744"/>
</test>
<test id="s1-t3" name="Check Register Test" line="30">
<kw name="Run Keyword If" library="BuiltIn">
<arg>'${runtest}' == 'All' or '${runtest}' == 'Register'</arg>
<arg>Start test Register</arg>
<doc>Runs the given keyword with the given arguments, if ``condition`` is true.</doc>
<kw name="Start test Register" library="registerPage">
<doc>Starting test Register</doc>
<kw name="Run Keyword If" library="BuiltIn">
<arg>'${register_test_method}' == 'All' or '${register_test_method}' == 'Unregister'</arg>
<arg>Test With Unregistered Email</arg>
<doc>Runs the given keyword with the given arguments, if ``condition`` is true.</doc>
<kw name="Test With Unregistered Email" library="registerPage">
<doc>Test with unregister method; it's mean sign up should be success</doc>
<kw name="Refresh Homepage" library="homepageKeyword">
<doc>This keyword is use for another test procedure which need start from homepage</doc>
<kw name="Get Element Count" library="SeleniumLibrary">
<var>${need_logout}</var>
<arg>${log_out}</arg>
<doc>Returns the number of elements matching ``locator``.</doc>
<msg timestamp="20220629 16:20:31.768" level="INFO">${need_logout} = 0</msg>
<status status="PASS" starttime="20220629 16:20:31.752" endtime="20220629 16:20:31.768"/>
</kw>
<kw name="Run Keyword If" library="BuiltIn">
<arg>${need_logout} &gt; 0</arg>
<arg>Click Element</arg>
<arg>${log_out}</arg>
<doc>Runs the given keyword with the given arguments, if ``condition`` is true.</doc>
<status status="PASS" starttime="20220629 16:20:31.768" endtime="20220629 16:20:31.768"/>
</kw>
<kw name="Get Location" library="SeleniumLibrary">
<var>${url_dummy}</var>
<doc>Returns the current browser window URL.</doc>
<msg timestamp="20220629 16:20:31.776" level="INFO">${url_dummy} = http://automationpractice.com/index.php</msg>
<status status="PASS" starttime="20220629 16:20:31.768" endtime="20220629 16:20:31.776"/>
</kw>
<kw name="Run Keyword If" library="BuiltIn">
<arg>'${url_dummy}' != '${base_url}'</arg>
<arg>Go To</arg>
<arg>${base_url}</arg>
<doc>Runs the given keyword with the given arguments, if ``condition`` is true.</doc>
<status status="PASS" starttime="20220629 16:20:31.776" endtime="20220629 16:20:31.776"/>
</kw>
<status status="PASS" starttime="20220629 16:20:31.752" endtime="20220629 16:20:31.776"/>
</kw>
<kw name="Entry Register Page" library="registerKeyword">
<doc>This keyword will entry register page</doc>
<kw name="Click Element" library="SeleniumLibrary">
<arg>${sign_in}</arg>
<doc>Click the element identified by ``locator``.</doc>
<msg timestamp="20220629 16:20:31.776" level="INFO">Clicking element '//a[@class="login"]'.</msg>
<status status="PASS" starttime="20220629 16:20:31.776" endtime="20220629 16:20:34.109"/>
</kw>
<status status="PASS" starttime="20220629 16:20:31.776" endtime="20220629 16:20:34.109"/>
</kw>
<kw name="Verify Register Page" library="registerKeyword">
<doc>Need to verify register page</doc>
<kw name="Location Should Be" library="SeleniumLibrary">
<arg>${register_url}</arg>
<doc>Verifies that the current URL is exactly ``url``.</doc>
<msg timestamp="20220629 16:20:34.109" level="INFO">Current location is 'http://automationpractice.com/index.php?controller=authentication&amp;back=my-account'.</msg>
<status status="PASS" starttime="20220629 16:20:34.109" endtime="20220629 16:20:34.109"/>
</kw>
<status status="PASS" starttime="20220629 16:20:34.109" endtime="20220629 16:20:34.109"/>
</kw>
<kw name="Fill Email To Register" library="registerKeyword">
<arg>${new_email}</arg>
<doc>Submit email to register</doc>
<kw name="Run Keyword If" library="BuiltIn">
<arg>'${fill_email}' == 'None'</arg>
<arg>Clear Element Text</arg>
<arg>${create_email}</arg>
<doc>Runs the given keyword with the given arguments, if ``condition`` is true.</doc>
<status status="PASS" starttime="20220629 16:20:34.109" endtime="20220629 16:20:34.109"/>
</kw>
<kw name="Run Keyword If" library="BuiltIn">
<arg>'${fill_email}' != 'None'</arg>
<arg>Input Text</arg>
<arg>${create_email}</arg>
<arg>${fill_email}</arg>
<doc>Runs the given keyword with the given arguments, if ``condition`` is true.</doc>
<kw name="Input Text" library="SeleniumLibrary">
<arg>${create_email}</arg>
<arg>${fill_email}</arg>
<doc>Types the given ``text`` into the text field identified by ``locator``.</doc>
<msg timestamp="20220629 16:20:34.109" level="INFO">Typing text 'abcd_xyz@gmail.com' into text field '//input[@id="email_create"]'.</msg>
<status status="PASS" starttime="20220629 16:20:34.109" endtime="20220629 16:20:34.236"/>
</kw>
<status status="PASS" starttime="20220629 16:20:34.109" endtime="20220629 16:20:34.236"/>
</kw>
<kw name="Run Keyword If" library="BuiltIn">
<arg>'${fill_email}' != 'None'</arg>
<arg>Set Global Variable</arg>
<arg>${submitEmail}</arg>
<arg>${fill_email}</arg>
<doc>Runs the given keyword with the given arguments, if ``condition`` is true.</doc>
<kw name="Set Global Variable" library="BuiltIn">
<arg>${submitEmail}</arg>
<arg>${fill_email}</arg>
<doc>Makes a variable available globally in all tests and suites.</doc>
<msg timestamp="20220629 16:20:34.244" level="INFO">${submitEmail} = abcd_xyz@gmail.com</msg>
<status status="PASS" starttime="20220629 16:20:34.236" endtime="20220629 16:20:34.244"/>
</kw>
<status status="PASS" starttime="20220629 16:20:34.236" endtime="20220629 16:20:34.244"/>
</kw>
<kw name="Click Element" library="SeleniumLibrary">
<arg>${create_button}</arg>
<doc>Click the element identified by ``locator``.</doc>
<msg timestamp="20220629 16:20:34.244" level="INFO">Clicking element '//button[@id="SubmitCreate"]'.</msg>
<status status="PASS" starttime="20220629 16:20:34.244" endtime="20220629 16:20:34.304"/>
</kw>
<status status="PASS" starttime="20220629 16:20:34.109" endtime="20220629 16:20:34.304"/>
</kw>
<kw name="Verify New Email Register" library="registerKeyword">
<doc>Need to verify new email</doc>
<kw name="Wait Until Element Is Visible" library="SeleniumLibrary">
<arg>${create_form}</arg>
<arg>timeout=10s</arg>
<doc>Waits until the element ``locator`` is visible.</doc>
<status status="PASS" starttime="20220629 16:20:34.304" endtime="20220629 16:20:35.939"/>
</kw>
<status status="PASS" starttime="20220629 16:20:34.304" endtime="20220629 16:20:35.939"/>
</kw>
<kw name="Run Keyword If" library="BuiltIn">
<arg>'${input_user_method}' == 'Correct'</arg>
<arg>Fill Correct Information To Create An Account</arg>
<doc>Runs the given keyword with the given arguments, if ``condition`` is true.</doc>
<kw name="Fill Correct Information To Create An Account" library="registerKeyword">
<doc>Fill correct information; exptation is success submit</doc>
<kw name="Get Variable Value" library="BuiltIn">
<var>${submitEmail_var}</var>
<arg>${submitEmail}</arg>
<doc>Returns variable value or ``default`` if the variable does not exist.</doc>
<msg timestamp="20220629 16:20:35.939" level="INFO">${submitEmail_var} = abcd_xyz@gmail.com</msg>
<status status="PASS" starttime="20220629 16:20:35.939" endtime="20220629 16:20:35.939"/>
</kw>
<kw name="Click Element" library="SeleniumLibrary">
<arg>${input_gender}</arg>
<doc>Click the element identified by ``locator``.</doc>
<msg timestamp="20220629 16:20:35.939" level="INFO">Clicking element '//label[@for="id_gender1"]'.</msg>
<status status="PASS" starttime="20220629 16:20:35.939" endtime="20220629 16:20:36.003"/>
</kw>
<kw name="Input Text" library="SeleniumLibrary">
<arg>${input_firstname}</arg>
<arg>Andi</arg>
<doc>Types the given ``text`` into the text field identified by ``locator``.</doc>
<msg timestamp="20220629 16:20:36.003" level="INFO">Typing text 'Andi' into text field '//input[@id="customer_firstname"]'.</msg>
<status status="PASS" starttime="20220629 16:20:36.003" endtime="20220629 16:20:36.163"/>
</kw>
<kw name="Input Text" library="SeleniumLibrary">
<arg>${input_lastname}</arg>
<arg>Wijaya</arg>
<doc>Types the given ``text`` into the text field identified by ``locator``.</doc>
<msg timestamp="20220629 16:20:36.163" level="INFO">Typing text 'Wijaya' into text field '//input[@id="customer_lastname"]'.</msg>
<status status="PASS" starttime="20220629 16:20:36.163" endtime="20220629 16:20:36.323"/>
</kw>
<kw name="Input Text" library="SeleniumLibrary">
<arg>${input_password}</arg>
<arg>12345</arg>
<doc>Types the given ``text`` into the text field identified by ``locator``.</doc>
<msg timestamp="20220629 16:20:36.323" level="INFO">Typing text '12345' into text field '//input[@id="passwd"]'.</msg>
<status status="PASS" starttime="20220629 16:20:36.323" endtime="20220629 16:20:36.435"/>
</kw>
<kw name="Select From List By Value" library="SeleniumLibrary">
<arg>${input_day}</arg>
<arg>2</arg>
<doc>Selects options from selection list ``locator`` by ``values``.</doc>
<msg timestamp="20220629 16:20:36.435" level="INFO">Selecting options from selection list '//select[@id="days"]' by value 2.</msg>
<status status="PASS" starttime="20220629 16:20:36.435" endtime="20220629 16:20:36.579"/>
</kw>
<kw name="Select From List By Value" library="SeleniumLibrary">
<arg>${input_month}</arg>
<arg>1</arg>
<doc>Selects options from selection list ``locator`` by ``values``.</doc>
<msg timestamp="20220629 16:20:36.579" level="INFO">Selecting options from selection list '//select[@id="months"]' by value 1.</msg>
<status status="PASS" starttime="20220629 16:20:36.579" endtime="20220629 16:20:36.661"/>
</kw>
<kw name="Select From List By Value" library="SeleniumLibrary">
<arg>${input_year}</arg>
<arg>2000</arg>
<doc>Selects options from selection list ``locator`` by ``values``.</doc>
<msg timestamp="20220629 16:20:36.661" level="INFO">Selecting options from selection list '//select[@id="years"]' by value 2000.</msg>
<status status="PASS" starttime="20220629 16:20:36.661" endtime="20220629 16:20:36.741"/>
</kw>
<kw name="Click Element" library="SeleniumLibrary">
<arg>${input_newsletter}</arg>
<doc>Click the element identified by ``locator``.</doc>
<msg timestamp="20220629 16:20:36.741" level="INFO">Clicking element '//input[@id="newsletter"]'.</msg>
<status status="PASS" starttime="20220629 16:20:36.741" endtime="20220629 16:20:36.805"/>
</kw>
<kw name="Click Element" library="SeleniumLibrary">
<arg>${input_offers}</arg>
<doc>Click the element identified by ``locator``.</doc>
<msg timestamp="20220629 16:20:36.805" level="INFO">Clicking element '//input[@id="optin"]'.</msg>
<status status="PASS" starttime="20220629 16:20:36.805" endtime="20220629 16:20:36.861"/>
</kw>
<kw name="Input Text" library="SeleniumLibrary">
<arg>${input_addr_firstname}</arg>
<arg>Peter</arg>
<doc>Types the given ``text`` into the text field identified by ``locator``.</doc>
<msg timestamp="20220629 16:20:36.861" level="INFO">Typing text 'Peter' into text field '//input[@id="firstname"]'.</msg>
<status status="PASS" starttime="20220629 16:20:36.861" endtime="20220629 16:20:36.965"/>
</kw>
<kw name="Input Text" library="SeleniumLibrary">
<arg>${input_addr_lastname}</arg>
<arg>Parker</arg>
<doc>Types the given ``text`` into the text field identified by ``locator``.</doc>
<msg timestamp="20220629 16:20:36.965" level="INFO">Typing text 'Parker' into text field '//input[@id="lastname"]'.</msg>
<status status="PASS" starttime="20220629 16:20:36.965" endtime="20220629 16:20:37.075"/>
</kw>
<kw name="Input Text" library="SeleniumLibrary">
<arg>${input_addr_company}</arg>
<arg>None</arg>
<doc>Types the given ``text`` into the text field identified by ``locator``.</doc>
<msg timestamp="20220629 16:20:37.075" level="INFO">Typing text 'None' into text field '//input[@id="company"]'.</msg>
<status status="PASS" starttime="20220629 16:20:37.075" endtime="20220629 16:20:37.179"/>
</kw>
<kw name="Input Text" library="SeleniumLibrary">
<arg>${input_addr_addr1}</arg>
<arg>Rose St.</arg>
<doc>Types the given ``text`` into the text field identified by ``locator``.</doc>
<msg timestamp="20220629 16:20:37.179" level="INFO">Typing text 'Rose St.' into text field '//input[@id="address1"]'.</msg>
<status status="PASS" starttime="20220629 16:20:37.179" endtime="20220629 16:20:37.295"/>
</kw>
<kw name="Input Text" library="SeleniumLibrary">
<arg>${input_addr_addr2}</arg>
<arg>Plot B</arg>
<doc>Types the given ``text`` into the text field identified by ``locator``.</doc>
<msg timestamp="20220629 16:20:37.303" level="INFO">Typing text 'Plot B' into text field '//input[@id="address2"]'.</msg>
<status status="PASS" starttime="20220629 16:20:37.295" endtime="20220629 16:20:37.415"/>
</kw>
<kw name="Input Text" library="SeleniumLibrary">
<arg>${input_addr_city}</arg>
<arg>Virginia</arg>
<doc>Types the given ``text`` into the text field identified by ``locator``.</doc>
<msg timestamp="20220629 16:20:37.415" level="INFO">Typing text 'Virginia' into text field '//input[@id="city"]'.</msg>
<status status="PASS" starttime="20220629 16:20:37.415" endtime="20220629 16:20:37.519"/>
</kw>
<kw name="Select From List By Label" library="SeleniumLibrary">
<arg>${input_addr_state}</arg>
<arg>Alaska</arg>
<doc>Selects options from selection list ``locator`` by ``labels``.</doc>
<msg timestamp="20220629 16:20:37.519" level="INFO">Selecting options from selection list '//select[@id="id_state"]' by label Alaska.</msg>
<status status="PASS" starttime="20220629 16:20:37.519" endtime="20220629 16:20:37.591"/>
</kw>
<kw name="Input Text" library="SeleniumLibrary">
<arg>${input_addr_postcode}</arg>
<arg>11111</arg>
<doc>Types the given ``text`` into the text field identified by ``locator``.</doc>
<msg timestamp="20220629 16:20:37.591" level="INFO">Typing text '11111' into text field '//input[@id="postcode"]'.</msg>
<status status="PASS" starttime="20220629 16:20:37.591" endtime="20220629 16:20:37.695"/>
</kw>
<kw name="Select From List By Label" library="SeleniumLibrary">
<arg>${input_addr_country}</arg>
<arg>United States</arg>
<doc>Selects options from selection list ``locator`` by ``labels``.</doc>
<msg timestamp="20220629 16:20:37.695" level="INFO">Selecting options from selection list '//select[@id="id_country"]' by label United States.</msg>
<status status="PASS" starttime="20220629 16:20:37.695" endtime="20220629 16:20:37.743"/>
</kw>
<kw name="Input Text" library="SeleniumLibrary">
<arg>${input_addr_additional}</arg>
<arg>None</arg>
<doc>Types the given ``text`` into the text field identified by ``locator``.</doc>
<msg timestamp="20220629 16:20:37.743" level="INFO">Typing text 'None' into text field '//textarea[@id="other"]'.</msg>
<status status="PASS" starttime="20220629 16:20:37.743" endtime="20220629 16:20:37.826"/>
</kw>
<kw name="Input Text" library="SeleniumLibrary">
<arg>${input_addr_homephone}</arg>
<arg>000</arg>
<doc>Types the given ``text`` into the text field identified by ``locator``.</doc>
<msg timestamp="20220629 16:20:37.826" level="INFO">Typing text '000' into text field '//input[@id="phone"]'.</msg>
<status status="PASS" starttime="20220629 16:20:37.826" endtime="20220629 16:20:37.922"/>
</kw>
<kw name="Input Text" library="SeleniumLibrary">
<arg>${input_addr_mobilephone}</arg>
<arg>0123456</arg>
<doc>Types the given ``text`` into the text field identified by ``locator``.</doc>
<msg timestamp="20220629 16:20:37.922" level="INFO">Typing text '0123456' into text field '//input[@id="phone_mobile"]'.</msg>
<status status="PASS" starttime="20220629 16:20:37.922" endtime="20220629 16:20:38.040"/>
</kw>
<kw name="Input Text" library="SeleniumLibrary">
<arg>${input_addr_alias}</arg>
<arg>Home</arg>
<doc>Types the given ``text`` into the text field identified by ``locator``.</doc>
<msg timestamp="20220629 16:20:38.040" level="INFO">Typing text 'Home' into text field '//input[@id="alias"]'.</msg>
<status status="PASS" starttime="20220629 16:20:38.040" endtime="20220629 16:20:38.136"/>
</kw>
<kw name="Run Keyword If" library="BuiltIn">
<arg>'${submit_proccess}' == 'Yes'</arg>
<arg>Submit Process</arg>
<doc>Runs the given keyword with the given arguments, if ``condition`` is true.</doc>
<kw name="Submit Process" library="registerKeyword">
<doc>Procedure to click submit button</doc>
<kw name="Click Element" library="SeleniumLibrary">
<arg>${submit_account}</arg>
<doc>Click the element identified by ``locator``.</doc>
<msg timestamp="20220629 16:20:38.144" level="INFO">Clicking element '//button[@id="submitAccount"]'.</msg>
<status status="PASS" starttime="20220629 16:20:38.136" endtime="20220629 16:20:40.935"/>
</kw>
<kw name="Element Should Be Visible" library="SeleniumLibrary">
<arg>${welcome_account}</arg>
<doc>Verifies that the element identified by ``locator`` is visible.</doc>
<msg timestamp="20220629 16:20:40.967" level="INFO">Element '//p[@class="info-account"]' is displayed.</msg>
<status status="PASS" starttime="20220629 16:20:40.935" endtime="20220629 16:20:40.967"/>
</kw>
<kw name="Logout Account" library="registerKeyword">
<kw name="Click Element" library="SeleniumLibrary">
<arg>${log_out}</arg>
<doc>Click the element identified by ``locator``.</doc>
<msg timestamp="20220629 16:20:40.967" level="INFO">Clicking element '//a[@title="Log me out"]'.</msg>
<status status="PASS" starttime="20220629 16:20:40.967" endtime="20220629 16:20:44.599"/>
</kw>
<status status="PASS" starttime="20220629 16:20:40.967" endtime="20220629 16:20:44.599"/>
</kw>
<status status="PASS" starttime="20220629 16:20:38.136" endtime="20220629 16:20:44.599"/>
</kw>
<status status="PASS" starttime="20220629 16:20:38.136" endtime="20220629 16:20:44.599"/>
</kw>
<status status="PASS" starttime="20220629 16:20:35.939" endtime="20220629 16:20:44.599"/>
</kw>
<status status="PASS" starttime="20220629 16:20:35.939" endtime="20220629 16:20:44.599"/>
</kw>
<kw name="Run Keyword If" library="BuiltIn">
<arg>'${input_user_method}' == 'Uncomplete'</arg>
<arg>Fill Uncomplete Information To Create An Account</arg>
<doc>Runs the given keyword with the given arguments, if ``condition`` is true.</doc>
<status status="PASS" starttime="20220629 16:20:44.599" endtime="20220629 16:20:44.599"/>
</kw>
<status status="PASS" starttime="20220629 16:20:31.752" endtime="20220629 16:20:44.599"/>
</kw>
<status status="PASS" starttime="20220629 16:20:31.752" endtime="20220629 16:20:44.599"/>
</kw>
<kw name="Run Keyword If" library="BuiltIn">
<arg>'${register_test_method}' == 'All' or '${register_test_method}' == 'Register'</arg>
<arg>Test With Registered Email</arg>
<doc>Runs the given keyword with the given arguments, if ``condition`` is true.</doc>
<kw name="Test With Registered Email" library="registerPage">
<doc>Test with register method; it's mean sign up should be fail</doc>
<kw name="Refresh Homepage" library="homepageKeyword">
<doc>This keyword is use for another test procedure which need start from homepage</doc>
<kw name="Get Element Count" library="SeleniumLibrary">
<var>${need_logout}</var>
<arg>${log_out}</arg>
<doc>Returns the number of elements matching ``locator``.</doc>
<msg timestamp="20220629 16:20:44.607" level="INFO">${need_logout} = 0</msg>
<status status="PASS" starttime="20220629 16:20:44.599" endtime="20220629 16:20:44.607"/>
</kw>
<kw name="Run Keyword If" library="BuiltIn">
<arg>${need_logout} &gt; 0</arg>
<arg>Click Element</arg>
<arg>${log_out}</arg>
<doc>Runs the given keyword with the given arguments, if ``condition`` is true.</doc>
<status status="PASS" starttime="20220629 16:20:44.615" endtime="20220629 16:20:44.615"/>
</kw>
<kw name="Get Location" library="SeleniumLibrary">
<var>${url_dummy}</var>
<doc>Returns the current browser window URL.</doc>
<msg timestamp="20220629 16:20:44.623" level="INFO">${url_dummy} = http://automationpractice.com/index.php?controller=authentication&amp;back=my-account</msg>
<status status="PASS" starttime="20220629 16:20:44.615" endtime="20220629 16:20:44.623"/>
</kw>
<kw name="Run Keyword If" library="BuiltIn">
<arg>'${url_dummy}' != '${base_url}'</arg>
<arg>Go To</arg>
<arg>${base_url}</arg>
<doc>Runs the given keyword with the given arguments, if ``condition`` is true.</doc>
<kw name="Go To" library="SeleniumLibrary">
<arg>${base_url}</arg>
<doc>Navigates the current browser window to the provided ``url``.</doc>
<msg timestamp="20220629 16:20:44.623" level="INFO">Opening url 'http://automationpractice.com/index.php'</msg>
<status status="PASS" starttime="20220629 16:20:44.623" endtime="20220629 16:20:49.409"/>
</kw>
<status status="PASS" starttime="20220629 16:20:44.623" endtime="20220629 16:20:49.409"/>
</kw>
<status status="PASS" starttime="20220629 16:20:44.599" endtime="20220629 16:20:49.409"/>
</kw>
<kw name="Entry Register Page" library="registerKeyword">
<doc>This keyword will entry register page</doc>
<kw name="Click Element" library="SeleniumLibrary">
<arg>${sign_in}</arg>
<doc>Click the element identified by ``locator``.</doc>
<msg timestamp="20220629 16:20:49.417" level="INFO">Clicking element '//a[@class="login"]'.</msg>
<status status="PASS" starttime="20220629 16:20:49.409" endtime="20220629 16:20:53.623"/>
</kw>
<status status="PASS" starttime="20220629 16:20:49.409" endtime="20220629 16:20:53.623"/>
</kw>
<kw name="Verify Register Page" library="registerKeyword">
<doc>Need to verify register page</doc>
<kw name="Location Should Be" library="SeleniumLibrary">
<arg>${register_url}</arg>
<doc>Verifies that the current URL is exactly ``url``.</doc>
<msg timestamp="20220629 16:20:53.634" level="INFO">Current location is 'http://automationpractice.com/index.php?controller=authentication&amp;back=my-account'.</msg>
<status status="PASS" starttime="20220629 16:20:53.623" endtime="20220629 16:20:53.634"/>
</kw>
<status status="PASS" starttime="20220629 16:20:53.623" endtime="20220629 16:20:53.634"/>
</kw>
<kw name="Fill Email To Register" library="registerKeyword">
<arg>${old_email}</arg>
<doc>Submit email to register</doc>
<kw name="Run Keyword If" library="BuiltIn">
<arg>'${fill_email}' == 'None'</arg>
<arg>Clear Element Text</arg>
<arg>${create_email}</arg>
<doc>Runs the given keyword with the given arguments, if ``condition`` is true.</doc>
<status status="PASS" starttime="20220629 16:20:53.634" endtime="20220629 16:20:53.634"/>
</kw>
<kw name="Run Keyword If" library="BuiltIn">
<arg>'${fill_email}' != 'None'</arg>
<arg>Input Text</arg>
<arg>${create_email}</arg>
<arg>${fill_email}</arg>
<doc>Runs the given keyword with the given arguments, if ``condition`` is true.</doc>
<kw name="Input Text" library="SeleniumLibrary">
<arg>${create_email}</arg>
<arg>${fill_email}</arg>
<doc>Types the given ``text`` into the text field identified by ``locator``.</doc>
<msg timestamp="20220629 16:20:53.634" level="INFO">Typing text 'abcd@gmail.com' into text field '//input[@id="email_create"]'.</msg>
<status status="PASS" starttime="20220629 16:20:53.634" endtime="20220629 16:20:53.739"/>
</kw>
<status status="PASS" starttime="20220629 16:20:53.634" endtime="20220629 16:20:53.739"/>
</kw>
<kw name="Run Keyword If" library="BuiltIn">
<arg>'${fill_email}' != 'None'</arg>
<arg>Set Global Variable</arg>
<arg>${submitEmail}</arg>
<arg>${fill_email}</arg>
<doc>Runs the given keyword with the given arguments, if ``condition`` is true.</doc>
<kw name="Set Global Variable" library="BuiltIn">
<arg>${submitEmail}</arg>
<arg>${fill_email}</arg>
<doc>Makes a variable available globally in all tests and suites.</doc>
<msg timestamp="20220629 16:20:53.739" level="INFO">${submitEmail} = abcd@gmail.com</msg>
<status status="PASS" starttime="20220629 16:20:53.739" endtime="20220629 16:20:53.739"/>
</kw>
<status status="PASS" starttime="20220629 16:20:53.739" endtime="20220629 16:20:53.739"/>
</kw>
<kw name="Click Element" library="SeleniumLibrary">
<arg>${create_button}</arg>
<doc>Click the element identified by ``locator``.</doc>
<msg timestamp="20220629 16:20:53.739" level="INFO">Clicking element '//button[@id="SubmitCreate"]'.</msg>
<status status="PASS" starttime="20220629 16:20:53.739" endtime="20220629 16:20:53.797"/>
</kw>
<status status="PASS" starttime="20220629 16:20:53.634" endtime="20220629 16:20:53.805"/>
</kw>
<kw name="Verify Old Email Register" library="registerKeyword">
<doc>Need to verify old email</doc>
<kw name="Wait Until Element Is Visible" library="SeleniumLibrary">
<arg>${error_create}</arg>
<arg>timeout=5s</arg>
<doc>Waits until the element ``locator`` is visible.</doc>
<status status="PASS" starttime="20220629 16:20:53.805" endtime="20220629 16:20:54.723"/>
</kw>
<status status="PASS" starttime="20220629 16:20:53.805" endtime="20220629 16:20:54.723"/>
</kw>
<status status="PASS" starttime="20220629 16:20:44.599" endtime="20220629 16:20:54.723"/>
</kw>
<status status="PASS" starttime="20220629 16:20:44.599" endtime="20220629 16:20:54.723"/>
</kw>
<kw name="Run Keyword If" library="BuiltIn">
<arg>'${register_test_method}' == 'All' or '${register_test_method}' == 'Empty'</arg>
<arg>Test With Empty Email</arg>
<doc>Runs the given keyword with the given arguments, if ``condition`` is true.</doc>
<kw name="Test With Empty Email" library="registerPage">
<doc>Test with empty email, only click submit</doc>
<kw name="Refresh Homepage" library="homepageKeyword">
<doc>This keyword is use for another test procedure which need start from homepage</doc>
<kw name="Get Element Count" library="SeleniumLibrary">
<var>${need_logout}</var>
<arg>${log_out}</arg>
<doc>Returns the number of elements matching ``locator``.</doc>
<msg timestamp="20220629 16:20:54.738" level="INFO">${need_logout} = 0</msg>
<status status="PASS" starttime="20220629 16:20:54.723" endtime="20220629 16:20:54.738"/>
</kw>
<kw name="Run Keyword If" library="BuiltIn">
<arg>${need_logout} &gt; 0</arg>
<arg>Click Element</arg>
<arg>${log_out}</arg>
<doc>Runs the given keyword with the given arguments, if ``condition`` is true.</doc>
<status status="PASS" starttime="20220629 16:20:54.738" endtime="20220629 16:20:54.738"/>
</kw>
<kw name="Get Location" library="SeleniumLibrary">
<var>${url_dummy}</var>
<doc>Returns the current browser window URL.</doc>
<msg timestamp="20220629 16:20:54.738" level="INFO">${url_dummy} = http://automationpractice.com/index.php?controller=authentication&amp;back=my-account</msg>
<status status="PASS" starttime="20220629 16:20:54.738" endtime="20220629 16:20:54.738"/>
</kw>
<kw name="Run Keyword If" library="BuiltIn">
<arg>'${url_dummy}' != '${base_url}'</arg>
<arg>Go To</arg>
<arg>${base_url}</arg>
<doc>Runs the given keyword with the given arguments, if ``condition`` is true.</doc>
<kw name="Go To" library="SeleniumLibrary">
<arg>${base_url}</arg>
<doc>Navigates the current browser window to the provided ``url``.</doc>
<msg timestamp="20220629 16:20:54.738" level="INFO">Opening url 'http://automationpractice.com/index.php'</msg>
<status status="PASS" starttime="20220629 16:20:54.738" endtime="20220629 16:20:57.724"/>
</kw>
<status status="PASS" starttime="20220629 16:20:54.738" endtime="20220629 16:20:57.724"/>
</kw>
<status status="PASS" starttime="20220629 16:20:54.723" endtime="20220629 16:20:57.724"/>
</kw>
<kw name="Entry Register Page" library="registerKeyword">
<doc>This keyword will entry register page</doc>
<kw name="Click Element" library="SeleniumLibrary">
<arg>${sign_in}</arg>
<doc>Click the element identified by ``locator``.</doc>
<msg timestamp="20220629 16:20:57.724" level="INFO">Clicking element '//a[@class="login"]'.</msg>
<status status="PASS" starttime="20220629 16:20:57.724" endtime="20220629 16:21:00.115"/>
</kw>
<status status="PASS" starttime="20220629 16:20:57.724" endtime="20220629 16:21:00.115"/>
</kw>
<kw name="Verify Register Page" library="registerKeyword">
<doc>Need to verify register page</doc>
<kw name="Location Should Be" library="SeleniumLibrary">
<arg>${register_url}</arg>
<doc>Verifies that the current URL is exactly ``url``.</doc>
<msg timestamp="20220629 16:21:00.115" level="INFO">Current location is 'http://automationpractice.com/index.php?controller=authentication&amp;back=my-account'.</msg>
<status status="PASS" starttime="20220629 16:21:00.115" endtime="20220629 16:21:00.115"/>
</kw>
<status status="PASS" starttime="20220629 16:21:00.115" endtime="20220629 16:21:00.115"/>
</kw>
<kw name="Fill Email To Register" library="registerKeyword">
<arg>None</arg>
<doc>Submit email to register</doc>
<kw name="Run Keyword If" library="BuiltIn">
<arg>'${fill_email}' == 'None'</arg>
<arg>Clear Element Text</arg>
<arg>${create_email}</arg>
<doc>Runs the given keyword with the given arguments, if ``condition`` is true.</doc>
<kw name="Clear Element Text" library="SeleniumLibrary">
<arg>${create_email}</arg>
<doc>Clears the value of the text-input-element identified by ``locator``.</doc>
<status status="PASS" starttime="20220629 16:21:00.115" endtime="20220629 16:21:00.163"/>
</kw>
<status status="PASS" starttime="20220629 16:21:00.115" endtime="20220629 16:21:00.163"/>
</kw>
<kw name="Run Keyword If" library="BuiltIn">
<arg>'${fill_email}' != 'None'</arg>
<arg>Input Text</arg>
<arg>${create_email}</arg>
<arg>${fill_email}</arg>
<doc>Runs the given keyword with the given arguments, if ``condition`` is true.</doc>
<status status="PASS" starttime="20220629 16:21:00.163" endtime="20220629 16:21:00.163"/>
</kw>
<kw name="Run Keyword If" library="BuiltIn">
<arg>'${fill_email}' != 'None'</arg>
<arg>Set Global Variable</arg>
<arg>${submitEmail}</arg>
<arg>${fill_email}</arg>
<doc>Runs the given keyword with the given arguments, if ``condition`` is true.</doc>
<status status="PASS" starttime="20220629 16:21:00.163" endtime="20220629 16:21:00.163"/>
</kw>
<kw name="Click Element" library="SeleniumLibrary">
<arg>${create_button}</arg>
<doc>Click the element identified by ``locator``.</doc>
<msg timestamp="20220629 16:21:00.163" level="INFO">Clicking element '//button[@id="SubmitCreate"]'.</msg>
<status status="PASS" starttime="20220629 16:21:00.163" endtime="20220629 16:21:00.206"/>
</kw>
<status status="PASS" starttime="20220629 16:21:00.115" endtime="20220629 16:21:00.206"/>
</kw>
<kw name="Verify Old Email Register" library="registerKeyword">
<doc>Need to verify old email</doc>
<kw name="Wait Until Element Is Visible" library="SeleniumLibrary">
<arg>${error_create}</arg>
<arg>timeout=5s</arg>
<doc>Waits until the element ``locator`` is visible.</doc>
<status status="PASS" starttime="20220629 16:21:00.206" endtime="20220629 16:21:01.532"/>
</kw>
<status status="PASS" starttime="20220629 16:21:00.206" endtime="20220629 16:21:01.532"/>
</kw>
<status status="PASS" starttime="20220629 16:20:54.723" endtime="20220629 16:21:01.532"/>
</kw>
<status status="PASS" starttime="20220629 16:20:54.723" endtime="20220629 16:21:01.532"/>
</kw>
<status status="PASS" starttime="20220629 16:20:31.752" endtime="20220629 16:21:01.532"/>
</kw>
<status status="PASS" starttime="20220629 16:20:31.752" endtime="20220629 16:21:01.532"/>
</kw>
<doc>Check if Register test need to be run</doc>
<status status="PASS" starttime="20220629 16:20:31.744" endtime="20220629 16:21:01.532"/>
</test>
<test id="s1-t4" name="Check Login Test" line="35">
<kw name="Run Keyword If" library="BuiltIn">
<arg>'${runtest}' == 'All' or '${runtest}' == 'Login'</arg>
<arg>Start test Login</arg>
<doc>Runs the given keyword with the given arguments, if ``condition`` is true.</doc>
<kw name="Start test Login" library="loginPage">
<doc>Starting test Login</doc>
<kw name="Run Keyword If" library="BuiltIn">
<arg>'${login_test_method}' == 'All' or '${login_test_method}' == 'Unregister'</arg>
<arg>Test With Correct Login</arg>
<doc>Runs the given keyword with the given arguments, if ``condition`` is true.</doc>
<kw name="Test With Correct Login" library="loginPage">
<doc>Test correct data to login;</doc>
<kw name="Refresh Homepage" library="homepageKeyword">
<doc>This keyword is use for another test procedure which need start from homepage</doc>
<kw name="Get Element Count" library="SeleniumLibrary">
<var>${need_logout}</var>
<arg>${log_out}</arg>
<doc>Returns the number of elements matching ``locator``.</doc>
<msg timestamp="20220629 16:21:01.542" level="INFO">${need_logout} = 0</msg>
<status status="PASS" starttime="20220629 16:21:01.534" endtime="20220629 16:21:01.542"/>
</kw>
<kw name="Run Keyword If" library="BuiltIn">
<arg>${need_logout} &gt; 0</arg>
<arg>Click Element</arg>
<arg>${log_out}</arg>
<doc>Runs the given keyword with the given arguments, if ``condition`` is true.</doc>
<status status="PASS" starttime="20220629 16:21:01.542" endtime="20220629 16:21:01.542"/>
</kw>
<kw name="Get Location" library="SeleniumLibrary">
<var>${url_dummy}</var>
<doc>Returns the current browser window URL.</doc>
<msg timestamp="20220629 16:21:01.542" level="INFO">${url_dummy} = http://automationpractice.com/index.php?controller=authentication&amp;back=my-account</msg>
<status status="PASS" starttime="20220629 16:21:01.542" endtime="20220629 16:21:01.542"/>
</kw>
<kw name="Run Keyword If" library="BuiltIn">
<arg>'${url_dummy}' != '${base_url}'</arg>
<arg>Go To</arg>
<arg>${base_url}</arg>
<doc>Runs the given keyword with the given arguments, if ``condition`` is true.</doc>
<kw name="Go To" library="SeleniumLibrary">
<arg>${base_url}</arg>
<doc>Navigates the current browser window to the provided ``url``.</doc>
<msg timestamp="20220629 16:21:01.542" level="INFO">Opening url 'http://automationpractice.com/index.php'</msg>
<status status="PASS" starttime="20220629 16:21:01.542" endtime="20220629 16:21:03.762"/>
</kw>
<status status="PASS" starttime="20220629 16:21:01.542" endtime="20220629 16:21:03.762"/>
</kw>
<status status="PASS" starttime="20220629 16:21:01.534" endtime="20220629 16:21:03.762"/>
</kw>
<kw name="Entry Register Page" library="registerKeyword">
<doc>This keyword will entry register page</doc>
<kw name="Click Element" library="SeleniumLibrary">
<arg>${sign_in}</arg>
<doc>Click the element identified by ``locator``.</doc>
<msg timestamp="20220629 16:21:03.767" level="INFO">Clicking element '//a[@class="login"]'.</msg>
<status status="PASS" starttime="20220629 16:21:03.767" endtime="20220629 16:21:05.946"/>
</kw>
<status status="PASS" starttime="20220629 16:21:03.762" endtime="20220629 16:21:05.946"/>
</kw>
<kw name="Verify Register Page" library="registerKeyword">
<doc>Need to verify register page</doc>
<kw name="Location Should Be" library="SeleniumLibrary">
<arg>${register_url}</arg>
<doc>Verifies that the current URL is exactly ``url``.</doc>
<msg timestamp="20220629 16:21:05.946" level="INFO">Current location is 'http://automationpractice.com/index.php?controller=authentication&amp;back=my-account'.</msg>
<status status="PASS" starttime="20220629 16:21:05.946" endtime="20220629 16:21:05.946"/>
</kw>
<status status="PASS" starttime="20220629 16:21:05.946" endtime="20220629 16:21:05.946"/>
</kw>
<kw name="Fill Email And Password Login" library="loginKeyword">
<arg>${correct_email}</arg>
<arg>${correct_password}</arg>
<doc>Fill email and password to login</doc>
<kw name="Run Keyword If" library="BuiltIn">
<arg>'${fill_email}' == 'None'</arg>
<arg>Clear Element Text</arg>
<arg>${input_email}</arg>
<doc>Runs the given keyword with the given arguments, if ``condition`` is true.</doc>
<status status="PASS" starttime="20220629 16:21:05.946" endtime="20220629 16:21:05.954"/>
</kw>
<kw name="Run Keyword If" library="BuiltIn">
<arg>'${fill_email}' != 'None'</arg>
<arg>Input Text</arg>
<arg>${input_email}</arg>
<arg>${fill_email}</arg>
<doc>Runs the given keyword with the given arguments, if ``condition`` is true.</doc>
<kw name="Input Text" library="SeleniumLibrary">
<arg>${input_email}</arg>
<arg>${fill_email}</arg>
<doc>Types the given ``text`` into the text field identified by ``locator``.</doc>
<msg timestamp="20220629 16:21:05.954" level="INFO">Typing text 'abcd_efgh_xyz@gmail.com' into text field '//input[@id="email"]'.</msg>
<status status="PASS" starttime="20220629 16:21:05.954" endtime="20220629 16:21:06.059"/>
</kw>
<status status="PASS" starttime="20220629 16:21:05.954" endtime="20220629 16:21:06.059"/>
</kw>
<kw name="Run Keyword If" library="BuiltIn">
<arg>'${fill_password}' == 'None'</arg>
<arg>Clear Element Text</arg>
<arg>${input_password}</arg>
<doc>Runs the given keyword with the given arguments, if ``condition`` is true.</doc>
<status status="PASS" starttime="20220629 16:21:06.059" endtime="20220629 16:21:06.059"/>
</kw>
<kw name="Run Keyword If" library="BuiltIn">
<arg>'${fill_password}' != 'None'</arg>
<arg>Input Text</arg>
<arg>${input_password}</arg>
<arg>${fill_password}</arg>
<doc>Runs the given keyword with the given arguments, if ``condition`` is true.</doc>
<kw name="Input Text" library="SeleniumLibrary">
<arg>${input_password}</arg>
<arg>${fill_password}</arg>
<doc>Types the given ``text`` into the text field identified by ``locator``.</doc>
<msg timestamp="20220629 16:21:06.059" level="INFO">Typing text '12345' into text field '//input[@id="passwd"]'.</msg>
<status status="PASS" starttime="20220629 16:21:06.059" endtime="20220629 16:21:06.147"/>
</kw>
<status status="PASS" starttime="20220629 16:21:06.059" endtime="20220629 16:21:06.147"/>
</kw>
<kw name="Click Element" library="SeleniumLibrary">
<arg>${button_signin}</arg>
<doc>Click the element identified by ``locator``.</doc>
<msg timestamp="20220629 16:21:06.147" level="INFO">Clicking element '//button[@id="SubmitLogin"]'.</msg>
<status status="PASS" starttime="20220629 16:21:06.147" endtime="20220629 16:21:08.381"/>
</kw>
<status status="PASS" starttime="20220629 16:21:05.946" endtime="20220629 16:21:08.381"/>
</kw>
<kw name="Verify Correct Login" library="loginKeyword">
<doc>Need to verify correct login</doc>
<kw name="Wait Until Element Is Visible" library="SeleniumLibrary">
<arg>${welcome_account}</arg>
<arg>timeout=5s</arg>
<doc>Waits until the element ``locator`` is visible.</doc>
<status status="PASS" starttime="20220629 16:21:08.381" endtime="20220629 16:21:08.405"/>
</kw>
<status status="PASS" starttime="20220629 16:21:08.381" endtime="20220629 16:21:08.405"/>
</kw>
<kw name="Logout Account" library="registerKeyword">
<kw name="Click Element" library="SeleniumLibrary">
<arg>${log_out}</arg>
<doc>Click the element identified by ``locator``.</doc>
<msg timestamp="20220629 16:21:08.405" level="INFO">Clicking element '//a[@title="Log me out"]'.</msg>
<status status="PASS" starttime="20220629 16:21:08.405" endtime="20220629 16:21:12.069"/>
</kw>
<status status="PASS" starttime="20220629 16:21:08.405" endtime="20220629 16:21:12.069"/>
</kw>
<status status="PASS" starttime="20220629 16:21:01.534" endtime="20220629 16:21:12.069"/>
</kw>
<status status="PASS" starttime="20220629 16:21:01.534" endtime="20220629 16:21:12.069"/>
</kw>
<kw name="Run Keyword If" library="BuiltIn">
<arg>'${login_test_method}' == 'All' or '${login_test_method}' == 'Register'</arg>
<arg>Test With Empty Filled</arg>
<doc>Runs the given keyword with the given arguments, if ``condition`` is true.</doc>
<kw name="Test With Empty Filled" library="loginPage">
<doc>Test login with empty data</doc>
<kw name="Refresh Homepage" library="homepageKeyword">
<doc>This keyword is use for another test procedure which need start from homepage</doc>
<kw name="Get Element Count" library="SeleniumLibrary">
<var>${need_logout}</var>
<arg>${log_out}</arg>
<doc>Returns the number of elements matching ``locator``.</doc>
<msg timestamp="20220629 16:21:12.083" level="INFO">${need_logout} = 0</msg>
<status status="PASS" starttime="20220629 16:21:12.069" endtime="20220629 16:21:12.083"/>
</kw>
<kw name="Run Keyword If" library="BuiltIn">
<arg>${need_logout} &gt; 0</arg>
<arg>Click Element</arg>
<arg>${log_out}</arg>
<doc>Runs the given keyword with the given arguments, if ``condition`` is true.</doc>
<status status="PASS" starttime="20220629 16:21:12.083" endtime="20220629 16:21:12.083"/>
</kw>
<kw name="Get Location" library="SeleniumLibrary">
<var>${url_dummy}</var>
<doc>Returns the current browser window URL.</doc>
<msg timestamp="20220629 16:21:12.087" level="INFO">${url_dummy} = http://automationpractice.com/index.php?controller=authentication&amp;back=my-account</msg>
<status status="PASS" starttime="20220629 16:21:12.083" endtime="20220629 16:21:12.087"/>
</kw>
<kw name="Run Keyword If" library="BuiltIn">
<arg>'${url_dummy}' != '${base_url}'</arg>
<arg>Go To</arg>
<arg>${base_url}</arg>
<doc>Runs the given keyword with the given arguments, if ``condition`` is true.</doc>
<kw name="Go To" library="SeleniumLibrary">
<arg>${base_url}</arg>
<doc>Navigates the current browser window to the provided ``url``.</doc>
<msg timestamp="20220629 16:21:12.088" level="INFO">Opening url 'http://automationpractice.com/index.php'</msg>
<status status="PASS" starttime="20220629 16:21:12.087" endtime="20220629 16:21:13.925"/>
</kw>
<status status="PASS" starttime="20220629 16:21:12.087" endtime="20220629 16:21:13.925"/>
</kw>
<status status="PASS" starttime="20220629 16:21:12.069" endtime="20220629 16:21:13.925"/>
</kw>
<kw name="Entry Register Page" library="registerKeyword">
<doc>This keyword will entry register page</doc>
<kw name="Click Element" library="SeleniumLibrary">
<arg>${sign_in}</arg>
<doc>Click the element identified by ``locator``.</doc>
<msg timestamp="20220629 16:21:13.931" level="INFO">Clicking element '//a[@class="login"]'.</msg>
<status status="PASS" starttime="20220629 16:21:13.925" endtime="20220629 16:21:15.991"/>
</kw>
<status status="PASS" starttime="20220629 16:21:13.925" endtime="20220629 16:21:15.991"/>
</kw>
<kw name="Verify Register Page" library="registerKeyword">
<doc>Need to verify register page</doc>
<kw name="Location Should Be" library="SeleniumLibrary">
<arg>${register_url}</arg>
<doc>Verifies that the current URL is exactly ``url``.</doc>
<msg timestamp="20220629 16:21:16.007" level="INFO">Current location is 'http://automationpractice.com/index.php?controller=authentication&amp;back=my-account'.</msg>
<status status="PASS" starttime="20220629 16:21:15.991" endtime="20220629 16:21:16.007"/>
</kw>
<status status="PASS" starttime="20220629 16:21:15.991" endtime="20220629 16:21:16.007"/>
</kw>
<kw name="Fill Email And Password Login" library="loginKeyword">
<arg>None</arg>
<arg>None</arg>
<doc>Fill email and password to login</doc>
<kw name="Run Keyword If" library="BuiltIn">
<arg>'${fill_email}' == 'None'</arg>
<arg>Clear Element Text</arg>
<arg>${input_email}</arg>
<doc>Runs the given keyword with the given arguments, if ``condition`` is true.</doc>
<kw name="Clear Element Text" library="SeleniumLibrary">
<arg>${input_email}</arg>
<doc>Clears the value of the text-input-element identified by ``locator``.</doc>
<status status="PASS" starttime="20220629 16:21:16.007" endtime="20220629 16:21:16.039"/>
</kw>
<status status="PASS" starttime="20220629 16:21:16.007" endtime="20220629 16:21:16.039"/>
</kw>
<kw name="Run Keyword If" library="BuiltIn">
<arg>'${fill_email}' != 'None'</arg>
<arg>Input Text</arg>
<arg>${input_email}</arg>
<arg>${fill_email}</arg>
<doc>Runs the given keyword with the given arguments, if ``condition`` is true.</doc>
<status status="PASS" starttime="20220629 16:21:16.039" endtime="20220629 16:21:16.039"/>
</kw>
<kw name="Run Keyword If" library="BuiltIn">
<arg>'${fill_password}' == 'None'</arg>
<arg>Clear Element Text</arg>
<arg>${input_password}</arg>
<doc>Runs the given keyword with the given arguments, if ``condition`` is true.</doc>
<kw name="Clear Element Text" library="SeleniumLibrary">
<arg>${input_password}</arg>
<doc>Clears the value of the text-input-element identified by ``locator``.</doc>
<status status="PASS" starttime="20220629 16:21:16.039" endtime="20220629 16:21:16.070"/>
</kw>
<status status="PASS" starttime="20220629 16:21:16.039" endtime="20220629 16:21:16.070"/>
</kw>
<kw name="Run Keyword If" library="BuiltIn">
<arg>'${fill_password}' != 'None'</arg>
<arg>Input Text</arg>
<arg>${input_password}</arg>
<arg>${fill_password}</arg>
<doc>Runs the given keyword with the given arguments, if ``condition`` is true.</doc>
<status status="PASS" starttime="20220629 16:21:16.070" endtime="20220629 16:21:16.070"/>
</kw>
<kw name="Click Element" library="SeleniumLibrary">
<arg>${button_signin}</arg>
<doc>Click the element identified by ``locator``.</doc>
<msg timestamp="20220629 16:21:16.070" level="INFO">Clicking element '//button[@id="SubmitLogin"]'.</msg>
<status status="PASS" starttime="20220629 16:21:16.070" endtime="20220629 16:21:19.394"/>
</kw>
<status status="PASS" starttime="20220629 16:21:16.007" endtime="20220629 16:21:19.394"/>
</kw>
<kw name="Verify Incorrect Login" library="loginKeyword">
<doc>Need to verify incorrect login</doc>
<kw name="Wait Until Element Is Visible" library="SeleniumLibrary">
<arg>${invalid_login}</arg>
<arg>timeout=5s</arg>
<doc>Waits until the element ``locator`` is visible.</doc>
<status status="PASS" starttime="20220629 16:21:19.394" endtime="20220629 16:21:19.418"/>
</kw>
<status status="PASS" starttime="20220629 16:21:19.394" endtime="20220629 16:21:19.418"/>
</kw>
<status status="PASS" starttime="20220629 16:21:12.069" endtime="20220629 16:21:19.418"/>
</kw>
<status status="PASS" starttime="20220629 16:21:12.069" endtime="20220629 16:21:19.418"/>
</kw>
<kw name="Run Keyword If" library="BuiltIn">
<arg>'${login_test_method}' == 'All' or '${login_test_method}' == 'Empty'</arg>
<arg>Test With Invalid Email</arg>
<doc>Runs the given keyword with the given arguments, if ``condition`` is true.</doc>
<kw name="Test With Invalid Email" library="loginPage">
<doc>Test login with invalid email</doc>
<kw name="Refresh Homepage" library="homepageKeyword">
<doc>This keyword is use for another test procedure which need start from homepage</doc>
<kw name="Get Element Count" library="SeleniumLibrary">
<var>${need_logout}</var>
<arg>${log_out}</arg>
<doc>Returns the number of elements matching ``locator``.</doc>
<msg timestamp="20220629 16:21:19.426" level="INFO">${need_logout} = 0</msg>
<status status="PASS" starttime="20220629 16:21:19.418" endtime="20220629 16:21:19.426"/>
</kw>
<kw name="Run Keyword If" library="BuiltIn">
<arg>${need_logout} &gt; 0</arg>
<arg>Click Element</arg>
<arg>${log_out}</arg>
<doc>Runs the given keyword with the given arguments, if ``condition`` is true.</doc>
<status status="PASS" starttime="20220629 16:21:19.426" endtime="20220629 16:21:19.426"/>
</kw>
<kw name="Get Location" library="SeleniumLibrary">
<var>${url_dummy}</var>
<doc>Returns the current browser window URL.</doc>
<msg timestamp="20220629 16:21:19.434" level="INFO">${url_dummy} = http://automationpractice.com/index.php?controller=authentication</msg>
<status status="PASS" starttime="20220629 16:21:19.426" endtime="20220629 16:21:19.434"/>
</kw>
<kw name="Run Keyword If" library="BuiltIn">
<arg>'${url_dummy}' != '${base_url}'</arg>
<arg>Go To</arg>
<arg>${base_url}</arg>
<doc>Runs the given keyword with the given arguments, if ``condition`` is true.</doc>
<kw name="Go To" library="SeleniumLibrary">
<arg>${base_url}</arg>
<doc>Navigates the current browser window to the provided ``url``.</doc>
<msg timestamp="20220629 16:21:19.434" level="INFO">Opening url 'http://automationpractice.com/index.php'</msg>
<status status="PASS" starttime="20220629 16:21:19.434" endtime="20220629 16:21:21.318"/>
</kw>
<status status="PASS" starttime="20220629 16:21:19.434" endtime="20220629 16:21:21.324"/>
</kw>
<status status="PASS" starttime="20220629 16:21:19.418" endtime="20220629 16:21:21.325"/>
</kw>
<kw name="Entry Register Page" library="registerKeyword">
<doc>This keyword will entry register page</doc>
<kw name="Click Element" library="SeleniumLibrary">
<arg>${sign_in}</arg>
<doc>Click the element identified by ``locator``.</doc>
<msg timestamp="20220629 16:21:21.326" level="INFO">Clicking element '//a[@class="login"]'.</msg>
<status status="PASS" starttime="20220629 16:21:21.326" endtime="20220629 16:21:23.311"/>
</kw>
<status status="PASS" starttime="20220629 16:21:21.325" endtime="20220629 16:21:23.311"/>
</kw>
<kw name="Verify Register Page" library="registerKeyword">
<doc>Need to verify register page</doc>
<kw name="Location Should Be" library="SeleniumLibrary">
<arg>${register_url}</arg>
<doc>Verifies that the current URL is exactly ``url``.</doc>
<msg timestamp="20220629 16:21:23.319" level="INFO">Current location is 'http://automationpractice.com/index.php?controller=authentication&amp;back=my-account'.</msg>
<status status="PASS" starttime="20220629 16:21:23.319" endtime="20220629 16:21:23.319"/>
</kw>
<status status="PASS" starttime="20220629 16:21:23.311" endtime="20220629 16:21:23.319"/>
</kw>
<kw name="Fill Email And Password Login" library="loginKeyword">
<arg>${invalid_email}</arg>
<arg>${correct_password}</arg>
<doc>Fill email and password to login</doc>
<kw name="Run Keyword If" library="BuiltIn">
<arg>'${fill_email}' == 'None'</arg>
<arg>Clear Element Text</arg>
<arg>${input_email}</arg>
<doc>Runs the given keyword with the given arguments, if ``condition`` is true.</doc>
<status status="PASS" starttime="20220629 16:21:23.319" endtime="20220629 16:21:23.319"/>
</kw>
<kw name="Run Keyword If" library="BuiltIn">
<arg>'${fill_email}' != 'None'</arg>
<arg>Input Text</arg>
<arg>${input_email}</arg>
<arg>${fill_email}</arg>
<doc>Runs the given keyword with the given arguments, if ``condition`` is true.</doc>
<kw name="Input Text" library="SeleniumLibrary">
<arg>${input_email}</arg>
<arg>${fill_email}</arg>
<doc>Types the given ``text`` into the text field identified by ``locator``.</doc>
<msg timestamp="20220629 16:21:23.327" level="INFO">Typing text 'nnnnn@gmail.com' into text field '//input[@id="email"]'.</msg>
<status status="PASS" starttime="20220629 16:21:23.319" endtime="20220629 16:21:23.411"/>
</kw>
<status status="PASS" starttime="20220629 16:21:23.319" endtime="20220629 16:21:23.411"/>
</kw>
<kw name="Run Keyword If" library="BuiltIn">
<arg>'${fill_password}' == 'None'</arg>
<arg>Clear Element Text</arg>
<arg>${input_password}</arg>
<doc>Runs the given keyword with the given arguments, if ``condition`` is true.</doc>
<status status="PASS" starttime="20220629 16:21:23.411" endtime="20220629 16:21:23.411"/>
</kw>
<kw name="Run Keyword If" library="BuiltIn">
<arg>'${fill_password}' != 'None'</arg>
<arg>Input Text</arg>
<arg>${input_password}</arg>
<arg>${fill_password}</arg>
<doc>Runs the given keyword with the given arguments, if ``condition`` is true.</doc>
<kw name="Input Text" library="SeleniumLibrary">
<arg>${input_password}</arg>
<arg>${fill_password}</arg>
<doc>Types the given ``text`` into the text field identified by ``locator``.</doc>
<msg timestamp="20220629 16:21:23.411" level="INFO">Typing text '12345' into text field '//input[@id="passwd"]'.</msg>
<status status="PASS" starttime="20220629 16:21:23.411" endtime="20220629 16:21:23.499"/>
</kw>
<status status="PASS" starttime="20220629 16:21:23.411" endtime="20220629 16:21:23.499"/>
</kw>
<kw name="Click Element" library="SeleniumLibrary">
<arg>${button_signin}</arg>
<doc>Click the element identified by ``locator``.</doc>
<msg timestamp="20220629 16:21:23.499" level="INFO">Clicking element '//button[@id="SubmitLogin"]'.</msg>
<status status="PASS" starttime="20220629 16:21:23.499" endtime="20220629 16:21:25.457"/>
</kw>
<status status="PASS" starttime="20220629 16:21:23.319" endtime="20220629 16:21:25.457"/>
</kw>
<kw name="Verify Incorrect Login" library="loginKeyword">
<doc>Need to verify incorrect login</doc>
<kw name="Wait Until Element Is Visible" library="SeleniumLibrary">
<arg>${invalid_login}</arg>
<arg>timeout=5s</arg>
<doc>Waits until the element ``locator`` is visible.</doc>
<status status="PASS" starttime="20220629 16:21:25.457" endtime="20220629 16:21:25.481"/>
</kw>
<status status="PASS" starttime="20220629 16:21:25.457" endtime="20220629 16:21:25.481"/>
</kw>
<status status="PASS" starttime="20220629 16:21:19.418" endtime="20220629 16:21:25.481"/>
</kw>
<status status="PASS" starttime="20220629 16:21:19.418" endtime="20220629 16:21:25.481"/>
</kw>
<kw name="Run Keyword If" library="BuiltIn">
<arg>'${login_test_method}' == 'All' or '${login_test_method}' == 'Empty'</arg>
<arg>Test With Invalid Password</arg>
<doc>Runs the given keyword with the given arguments, if ``condition`` is true.</doc>
<kw name="Test With Invalid Password" library="loginPage">
<doc>Test login with valid email but invalid password</doc>
<kw name="Refresh Homepage" library="homepageKeyword">
<doc>This keyword is use for another test procedure which need start from homepage</doc>
<kw name="Get Element Count" library="SeleniumLibrary">
<var>${need_logout}</var>
<arg>${log_out}</arg>
<doc>Returns the number of elements matching ``locator``.</doc>
<msg timestamp="20220629 16:21:25.492" level="INFO">${need_logout} = 0</msg>
<status status="PASS" starttime="20220629 16:21:25.481" endtime="20220629 16:21:25.492"/>
</kw>
<kw name="Run Keyword If" library="BuiltIn">
<arg>${need_logout} &gt; 0</arg>
<arg>Click Element</arg>
<arg>${log_out}</arg>
<doc>Runs the given keyword with the given arguments, if ``condition`` is true.</doc>
<status status="PASS" starttime="20220629 16:21:25.492" endtime="20220629 16:21:25.492"/>
</kw>
<kw name="Get Location" library="SeleniumLibrary">
<var>${url_dummy}</var>
<doc>Returns the current browser window URL.</doc>
<msg timestamp="20220629 16:21:25.496" level="INFO">${url_dummy} = http://automationpractice.com/index.php?controller=authentication</msg>
<status status="PASS" starttime="20220629 16:21:25.492" endtime="20220629 16:21:25.496"/>
</kw>
<kw name="Run Keyword If" library="BuiltIn">
<arg>'${url_dummy}' != '${base_url}'</arg>
<arg>Go To</arg>
<arg>${base_url}</arg>
<doc>Runs the given keyword with the given arguments, if ``condition`` is true.</doc>
<kw name="Go To" library="SeleniumLibrary">
<arg>${base_url}</arg>
<doc>Navigates the current browser window to the provided ``url``.</doc>
<msg timestamp="20220629 16:21:25.496" level="INFO">Opening url 'http://automationpractice.com/index.php'</msg>
<status status="PASS" starttime="20220629 16:21:25.496" endtime="20220629 16:21:27.929"/>
</kw>
<status status="PASS" starttime="20220629 16:21:25.496" endtime="20220629 16:21:27.929"/>
</kw>
<status status="PASS" starttime="20220629 16:21:25.481" endtime="20220629 16:21:27.929"/>
</kw>
<kw name="Entry Register Page" library="registerKeyword">
<doc>This keyword will entry register page</doc>
<kw name="Click Element" library="SeleniumLibrary">
<arg>${sign_in}</arg>
<doc>Click the element identified by ``locator``.</doc>
<msg timestamp="20220629 16:21:27.929" level="INFO">Clicking element '//a[@class="login"]'.</msg>
<status status="PASS" starttime="20220629 16:21:27.929" endtime="20220629 16:21:34.543"/>
</kw>
<status status="PASS" starttime="20220629 16:21:27.929" endtime="20220629 16:21:34.543"/>
</kw>
<kw name="Verify Register Page" library="registerKeyword">
<doc>Need to verify register page</doc>
<kw name="Location Should Be" library="SeleniumLibrary">
<arg>${register_url}</arg>
<doc>Verifies that the current URL is exactly ``url``.</doc>
<msg timestamp="20220629 16:21:34.543" level="INFO">Current location is 'http://automationpractice.com/index.php?controller=authentication&amp;back=my-account'.</msg>
<status status="PASS" starttime="20220629 16:21:34.543" endtime="20220629 16:21:34.543"/>
</kw>
<status status="PASS" starttime="20220629 16:21:34.543" endtime="20220629 16:21:34.543"/>
</kw>
<kw name="Fill Email And Password Login" library="loginKeyword">
<arg>${correct_email}</arg>
<arg>${invalid_password}</arg>
<doc>Fill email and password to login</doc>
<kw name="Run Keyword If" library="BuiltIn">
<arg>'${fill_email}' == 'None'</arg>
<arg>Clear Element Text</arg>
<arg>${input_email}</arg>
<doc>Runs the given keyword with the given arguments, if ``condition`` is true.</doc>
<status status="PASS" starttime="20220629 16:21:34.551" endtime="20220629 16:21:34.551"/>
</kw>
<kw name="Run Keyword If" library="BuiltIn">
<arg>'${fill_email}' != 'None'</arg>
<arg>Input Text</arg>
<arg>${input_email}</arg>
<arg>${fill_email}</arg>
<doc>Runs the given keyword with the given arguments, if ``condition`` is true.</doc>
<kw name="Input Text" library="SeleniumLibrary">
<arg>${input_email}</arg>
<arg>${fill_email}</arg>
<doc>Types the given ``text`` into the text field identified by ``locator``.</doc>
<msg timestamp="20220629 16:21:34.551" level="INFO">Typing text 'abcd_efgh_xyz@gmail.com' into text field '//input[@id="email"]'.</msg>
<status status="PASS" starttime="20220629 16:21:34.551" endtime="20220629 16:21:34.667"/>
</kw>
<status status="PASS" starttime="20220629 16:21:34.551" endtime="20220629 16:21:34.667"/>
</kw>
<kw name="Run Keyword If" library="BuiltIn">
<arg>'${fill_password}' == 'None'</arg>
<arg>Clear Element Text</arg>
<arg>${input_password}</arg>
<doc>Runs the given keyword with the given arguments, if ``condition`` is true.</doc>
<status status="PASS" starttime="20220629 16:21:34.667" endtime="20220629 16:21:34.667"/>
</kw>
<kw name="Run Keyword If" library="BuiltIn">
<arg>'${fill_password}' != 'None'</arg>
<arg>Input Text</arg>
<arg>${input_password}</arg>
<arg>${fill_password}</arg>
<doc>Runs the given keyword with the given arguments, if ``condition`` is true.</doc>
<kw name="Input Text" library="SeleniumLibrary">
<arg>${input_password}</arg>
<arg>${fill_password}</arg>
<doc>Types the given ``text`` into the text field identified by ``locator``.</doc>
<msg timestamp="20220629 16:21:34.667" level="INFO">Typing text 'qqqqq' into text field '//input[@id="passwd"]'.</msg>
<status status="PASS" starttime="20220629 16:21:34.667" endtime="20220629 16:21:34.771"/>
</kw>
<status status="PASS" starttime="20220629 16:21:34.667" endtime="20220629 16:21:34.771"/>
</kw>
<kw name="Click Element" library="SeleniumLibrary">
<arg>${button_signin}</arg>
<doc>Click the element identified by ``locator``.</doc>
<msg timestamp="20220629 16:21:34.771" level="INFO">Clicking element '//button[@id="SubmitLogin"]'.</msg>
<status status="PASS" starttime="20220629 16:21:34.771" endtime="20220629 16:21:38.486"/>
</kw>
<status status="PASS" starttime="20220629 16:21:34.543" endtime="20220629 16:21:38.486"/>
</kw>
<kw name="Verify Incorrect Login" library="loginKeyword">
<doc>Need to verify incorrect login</doc>
<kw name="Wait Until Element Is Visible" library="SeleniumLibrary">
<arg>${invalid_login}</arg>
<arg>timeout=5s</arg>
<doc>Waits until the element ``locator`` is visible.</doc>
<status status="PASS" starttime="20220629 16:21:38.486" endtime="20220629 16:21:38.510"/>
</kw>
<status status="PASS" starttime="20220629 16:21:38.486" endtime="20220629 16:21:38.510"/>
</kw>
<status status="PASS" starttime="20220629 16:21:25.481" endtime="20220629 16:21:38.510"/>
</kw>
<status status="PASS" starttime="20220629 16:21:25.481" endtime="20220629 16:21:38.510"/>
</kw>
<kw name="Run Keyword If" library="BuiltIn">
<arg>'${login_test_method}' == 'All' or '${login_test_method}' == 'Empty'</arg>
<arg>Test Forget Password</arg>
<doc>Runs the given keyword with the given arguments, if ``condition`` is true.</doc>
<kw name="Test Forget Password" library="loginPage">
<doc>Test when click forget password</doc>
<kw name="Refresh Homepage" library="homepageKeyword">
<doc>This keyword is use for another test procedure which need start from homepage</doc>
<kw name="Get Element Count" library="SeleniumLibrary">
<var>${need_logout}</var>
<arg>${log_out}</arg>
<doc>Returns the number of elements matching ``locator``.</doc>
<msg timestamp="20220629 16:21:38.518" level="INFO">${need_logout} = 0</msg>
<status status="PASS" starttime="20220629 16:21:38.510" endtime="20220629 16:21:38.518"/>
</kw>
<kw name="Run Keyword If" library="BuiltIn">
<arg>${need_logout} &gt; 0</arg>
<arg>Click Element</arg>
<arg>${log_out}</arg>
<doc>Runs the given keyword with the given arguments, if ``condition`` is true.</doc>
<status status="PASS" starttime="20220629 16:21:38.526" endtime="20220629 16:21:38.526"/>
</kw>
<kw name="Get Location" library="SeleniumLibrary">
<var>${url_dummy}</var>
<doc>Returns the current browser window URL.</doc>
<msg timestamp="20220629 16:21:38.526" level="INFO">${url_dummy} = http://automationpractice.com/index.php?controller=authentication</msg>
<status status="PASS" starttime="20220629 16:21:38.526" endtime="20220629 16:21:38.526"/>
</kw>
<kw name="Run Keyword If" library="BuiltIn">
<arg>'${url_dummy}' != '${base_url}'</arg>
<arg>Go To</arg>
<arg>${base_url}</arg>
<doc>Runs the given keyword with the given arguments, if ``condition`` is true.</doc>
<kw name="Go To" library="SeleniumLibrary">
<arg>${base_url}</arg>
<doc>Navigates the current browser window to the provided ``url``.</doc>
<msg timestamp="20220629 16:21:38.526" level="INFO">Opening url 'http://automationpractice.com/index.php'</msg>
<status status="PASS" starttime="20220629 16:21:38.526" endtime="20220629 16:21:45.304"/>
</kw>
<status status="PASS" starttime="20220629 16:21:38.526" endtime="20220629 16:21:45.304"/>
</kw>
<status status="PASS" starttime="20220629 16:21:38.510" endtime="20220629 16:21:45.304"/>
</kw>
<kw name="Entry Register Page" library="registerKeyword">
<doc>This keyword will entry register page</doc>
<kw name="Click Element" library="SeleniumLibrary">
<arg>${sign_in}</arg>
<doc>Click the element identified by ``locator``.</doc>
<msg timestamp="20220629 16:21:45.312" level="INFO">Clicking element '//a[@class="login"]'.</msg>
<status status="PASS" starttime="20220629 16:21:45.304" endtime="20220629 16:21:47.943"/>
</kw>
<status status="PASS" starttime="20220629 16:21:45.304" endtime="20220629 16:21:47.943"/>
</kw>
<kw name="Verify Register Page" library="registerKeyword">
<doc>Need to verify register page</doc>
<kw name="Location Should Be" library="SeleniumLibrary">
<arg>${register_url}</arg>
<doc>Verifies that the current URL is exactly ``url``.</doc>
<msg timestamp="20220629 16:21:47.951" level="INFO">Current location is 'http://automationpractice.com/index.php?controller=authentication&amp;back=my-account'.</msg>
<status status="PASS" starttime="20220629 16:21:47.943" endtime="20220629 16:21:47.951"/>
</kw>
<status status="PASS" starttime="20220629 16:21:47.943" endtime="20220629 16:21:47.951"/>
</kw>
<kw name="Proccess Forget Password" library="loginKeyword">
<arg>${correct_email}</arg>
<doc>SKIP FIRST :: Proccess forget password</doc>
<kw name="Sleep" library="BuiltIn">
<arg>1s</arg>
<doc>Pauses the test executed for the given time.</doc>
<msg timestamp="20220629 16:21:48.956" level="INFO">Slept 1 second</msg>
<status status="PASS" starttime="20220629 16:21:47.951" endtime="20220629 16:21:48.956"/>
</kw>
<status status="PASS" starttime="20220629 16:21:47.951" endtime="20220629 16:21:48.956"/>
</kw>
<status status="PASS" starttime="20220629 16:21:38.510" endtime="20220629 16:21:48.956"/>
</kw>
<status status="PASS" starttime="20220629 16:21:38.510" endtime="20220629 16:21:48.956"/>
</kw>
<status status="PASS" starttime="20220629 16:21:01.534" endtime="20220629 16:21:48.956"/>
</kw>
<status status="PASS" starttime="20220629 16:21:01.534" endtime="20220629 16:21:48.956"/>
</kw>
<doc>Check if login test need to be run</doc>
<status status="PASS" starttime="20220629 16:21:01.534" endtime="20220629 16:21:48.956"/>
</test>
<test id="s1-t5" name="Check Order Test" line="40">
<kw name="Run Keyword If" library="BuiltIn">
<arg>'${runtest}' == 'All' or '${runtest}' == 'Order'</arg>
<arg>Start test Order</arg>
<doc>Runs the given keyword with the given arguments, if ``condition`` is true.</doc>
<kw name="Start test Order" library="orderPage">
<doc>Starting test order</doc>
<kw name="Run Keyword If" library="BuiltIn">
<arg>'${order_test_method}' == 'All' or '${order_test_method}' == 'Login'</arg>
<arg>Test Order With Login First</arg>
<doc>Runs the given keyword with the given arguments, if ``condition`` is true.</doc>
<kw name="Test Order With Login First" library="orderPage">
<doc>Test order with login first</doc>
<kw name="Refresh Homepage" library="homepageKeyword">
<doc>This keyword is use for another test procedure which need start from homepage</doc>
<kw name="Get Element Count" library="SeleniumLibrary">
<var>${need_logout}</var>
<arg>${log_out}</arg>
<doc>Returns the number of elements matching ``locator``.</doc>
<msg timestamp="20220629 16:21:48.984" level="INFO">${need_logout} = 0</msg>
<status status="PASS" starttime="20220629 16:21:48.976" endtime="20220629 16:21:48.984"/>
</kw>
<kw name="Run Keyword If" library="BuiltIn">
<arg>${need_logout} &gt; 0</arg>
<arg>Click Element</arg>
<arg>${log_out}</arg>
<doc>Runs the given keyword with the given arguments, if ``condition`` is true.</doc>
<status status="PASS" starttime="20220629 16:21:48.984" endtime="20220629 16:21:48.984"/>
</kw>
<kw name="Get Location" library="SeleniumLibrary">
<var>${url_dummy}</var>
<doc>Returns the current browser window URL.</doc>
<msg timestamp="20220629 16:21:48.984" level="INFO">${url_dummy} = http://automationpractice.com/index.php?controller=authentication&amp;back=my-account</msg>
<status status="PASS" starttime="20220629 16:21:48.984" endtime="20220629 16:21:48.984"/>
</kw>
<kw name="Run Keyword If" library="BuiltIn">
<arg>'${url_dummy}' != '${base_url}'</arg>
<arg>Go To</arg>
<arg>${base_url}</arg>
<doc>Runs the given keyword with the given arguments, if ``condition`` is true.</doc>
<kw name="Go To" library="SeleniumLibrary">
<arg>${base_url}</arg>
<doc>Navigates the current browser window to the provided ``url``.</doc>
<msg timestamp="20220629 16:21:48.984" level="INFO">Opening url 'http://automationpractice.com/index.php'</msg>
<status status="PASS" starttime="20220629 16:21:48.984" endtime="20220629 16:21:52.285"/>
</kw>
<status status="PASS" starttime="20220629 16:21:48.984" endtime="20220629 16:21:52.293"/>
</kw>
<status status="PASS" starttime="20220629 16:21:48.976" endtime="20220629 16:21:52.293"/>
</kw>
<kw name="Entry Register Page" library="registerKeyword">
<doc>This keyword will entry register page</doc>
<kw name="Click Element" library="SeleniumLibrary">
<arg>${sign_in}</arg>
<doc>Click the element identified by ``locator``.</doc>
<msg timestamp="20220629 16:21:52.297" level="INFO">Clicking element '//a[@class="login"]'.</msg>
<status status="PASS" starttime="20220629 16:21:52.293" endtime="20220629 16:21:56.817"/>
</kw>
<status status="PASS" starttime="20220629 16:21:52.293" endtime="20220629 16:21:56.817"/>
</kw>
<kw name="Verify Register Page" library="registerKeyword">
<doc>Need to verify register page</doc>
<kw name="Location Should Be" library="SeleniumLibrary">
<arg>${register_url}</arg>
<doc>Verifies that the current URL is exactly ``url``.</doc>
<msg timestamp="20220629 16:21:56.817" level="INFO">Current location is 'http://automationpractice.com/index.php?controller=authentication&amp;back=my-account'.</msg>
<status status="PASS" starttime="20220629 16:21:56.817" endtime="20220629 16:21:56.817"/>
</kw>
<status status="PASS" starttime="20220629 16:21:56.817" endtime="20220629 16:21:56.817"/>
</kw>
<kw name="Fill Email And Password Login" library="loginKeyword">
<arg>${correct_email}</arg>
<arg>${correct_password}</arg>
<doc>Fill email and password to login</doc>
<kw name="Run Keyword If" library="BuiltIn">
<arg>'${fill_email}' == 'None'</arg>
<arg>Clear Element Text</arg>
<arg>${input_email}</arg>
<doc>Runs the given keyword with the given arguments, if ``condition`` is true.</doc>
<status status="PASS" starttime="20220629 16:21:56.817" endtime="20220629 16:21:56.817"/>
</kw>
<kw name="Run Keyword If" library="BuiltIn">
<arg>'${fill_email}' != 'None'</arg>
<arg>Input Text</arg>
<arg>${input_email}</arg>
<arg>${fill_email}</arg>
<doc>Runs the given keyword with the given arguments, if ``condition`` is true.</doc>
<kw name="Input Text" library="SeleniumLibrary">
<arg>${input_email}</arg>
<arg>${fill_email}</arg>
<doc>Types the given ``text`` into the text field identified by ``locator``.</doc>
<msg timestamp="20220629 16:21:56.825" level="INFO">Typing text 'abcd_efgh_xyz@gmail.com' into text field '//input[@id="email"]'.</msg>
<status status="PASS" starttime="20220629 16:21:56.817" endtime="20220629 16:21:56.934"/>
</kw>
<status status="PASS" starttime="20220629 16:21:56.817" endtime="20220629 16:21:56.934"/>
</kw>
<kw name="Run Keyword If" library="BuiltIn">
<arg>'${fill_password}' == 'None'</arg>
<arg>Clear Element Text</arg>
<arg>${input_password}</arg>
<doc>Runs the given keyword with the given arguments, if ``condition`` is true.</doc>
<status status="PASS" starttime="20220629 16:21:56.934" endtime="20220629 16:21:56.934"/>
</kw>
<kw name="Run Keyword If" library="BuiltIn">
<arg>'${fill_password}' != 'None'</arg>
<arg>Input Text</arg>
<arg>${input_password}</arg>
<arg>${fill_password}</arg>
<doc>Runs the given keyword with the given arguments, if ``condition`` is true.</doc>
<kw name="Input Text" library="SeleniumLibrary">
<arg>${input_password}</arg>
<arg>${fill_password}</arg>
<doc>Types the given ``text`` into the text field identified by ``locator``.</doc>
<msg timestamp="20220629 16:21:56.934" level="INFO">Typing text '12345' into text field '//input[@id="passwd"]'.</msg>
<status status="PASS" starttime="20220629 16:21:56.934" endtime="20220629 16:21:57.030"/>
</kw>
<status status="PASS" starttime="20220629 16:21:56.934" endtime="20220629 16:21:57.030"/>
</kw>
<kw name="Click Element" library="SeleniumLibrary">
<arg>${button_signin}</arg>
<doc>Click the element identified by ``locator``.</doc>
<msg timestamp="20220629 16:21:57.030" level="INFO">Clicking element '//button[@id="SubmitLogin"]'.</msg>
<status status="PASS" starttime="20220629 16:21:57.030" endtime="20220629 16:22:03.012"/>
</kw>
<status status="PASS" starttime="20220629 16:21:56.817" endtime="20220629 16:22:03.012"/>
</kw>
<kw name="Verify Correct Login" library="loginKeyword">
<doc>Need to verify correct login</doc>
<kw name="Wait Until Element Is Visible" library="SeleniumLibrary">
<arg>${welcome_account}</arg>
<arg>timeout=5s</arg>
<doc>Waits until the element ``locator`` is visible.</doc>
<status status="PASS" starttime="20220629 16:22:03.012" endtime="20220629 16:22:03.036"/>
</kw>
<status status="PASS" starttime="20220629 16:22:03.012" endtime="20220629 16:22:03.036"/>
</kw>
<kw name="Select Casual Dresses" library="orderKeyword">
<var>${product_select}</var>
<doc>Try to select casual dresses</doc>
<kw name="Mouse Over" library="SeleniumLibrary">
<arg>${dress_menu}</arg>
<doc>Simulates hovering the mouse over the element ``locator``.</doc>
<msg timestamp="20220629 16:22:03.036" level="INFO">Simulating Mouse Over on element '(//a[@title="Dresses"])[2]'.</msg>
<status status="PASS" starttime="20220629 16:22:03.036" endtime="20220629 16:22:03.314"/>
</kw>
<kw name="Wait Until Element Is Visible" library="SeleniumLibrary">
<arg>${casual_dress_menu}</arg>
<arg>timeout=5s</arg>
<doc>Waits until the element ``locator`` is visible.</doc>
<status status="PASS" starttime="20220629 16:22:03.314" endtime="20220629 16:22:03.354"/>
</kw>
<kw name="Click Element" library="SeleniumLibrary">
<arg>${casual_dress_menu}</arg>
<doc>Click the element identified by ``locator``.</doc>
<msg timestamp="20220629 16:22:03.354" level="INFO">Clicking element '(//a[@title="Casual Dresses"])[2]'.</msg>
<status status="PASS" starttime="20220629 16:22:03.354" endtime="20220629 16:22:08.545"/>
</kw>
<kw name="Wait Until Element Is Visible" library="SeleniumLibrary">
<arg>${printed_dress_product}</arg>
<arg>timeout=3s</arg>
<doc>Waits until the element ``locator`` is visible.</doc>
<status status="PASS" starttime="20220629 16:22:08.545" endtime="20220629 16:22:08.577"/>
</kw>
<kw name="Return From Keyword" library="BuiltIn">
<arg>${printed_dress_product}</arg>
<doc>Returns from the enclosing user keyword.</doc>
<msg timestamp="20220629 16:22:08.577" level="INFO">Returning from the enclosing user keyword.</msg>
<status status="PASS" starttime="20220629 16:22:08.577" endtime="20220629 16:22:08.577"/>
</kw>
<msg timestamp="20220629 16:22:08.585" level="INFO">${product_select} = //a[@class="product_img_link" and @title="Printed Dress" and @href="http://automationpractice.com/index.php?id_product=3&amp;controller=product"]</msg>
<status status="PASS" starttime="20220629 16:22:03.036" endtime="20220629 16:22:08.585"/>
</kw>
<kw name="Add Product To Chart" library="orderKeyword">
<arg>${product_select}</arg>
<doc>Need to add product to chart</doc>
<kw name="Mouse Over" library="SeleniumLibrary">
<arg>${product}</arg>
<doc>Simulates hovering the mouse over the element ``locator``.</doc>
<msg timestamp="20220629 16:22:08.585" level="INFO">Simulating Mouse Over on element '//a[@class="product_img_link" and @title="Printed Dress" and @href="http://automationpractice.com/index.php?id_product=3&amp;controller=product"]'.</msg>
<status status="PASS" starttime="20220629 16:22:08.585" endtime="20220629 16:22:08.880"/>
</kw>
<kw name="Wait Until Element Is Visible" library="SeleniumLibrary">
<arg>${detail_product}</arg>
<arg>timeout=5s</arg>
<doc>Waits until the element ``locator`` is visible.</doc>
<status status="PASS" starttime="20220629 16:22:08.880" endtime="20220629 16:22:08.933"/>
</kw>
<kw name="Click Element" library="SeleniumLibrary">
<arg>${detail_product}</arg>
<doc>Click the element identified by ``locator``.</doc>
<msg timestamp="20220629 16:22:08.933" level="INFO">Clicking element '//a[@title="View"]'.</msg>
<status status="PASS" starttime="20220629 16:22:08.933" endtime="20220629 16:22:14.646"/>
</kw>
<kw name="Wait Until Element Is Visible" library="SeleniumLibrary">
<arg>${add_chart_product}</arg>
<arg>timeout=5s</arg>
<doc>Waits until the element ``locator`` is visible.</doc>
<status status="PASS" starttime="20220629 16:22:14.646" endtime="20220629 16:22:14.686"/>
</kw>
<kw name="Click Element" library="SeleniumLibrary">
<arg>${add_chart_product}</arg>
<doc>Click the element identified by ``locator``.</doc>
<msg timestamp="20220629 16:22:14.686" level="INFO">Clicking element '//button[@name="Submit"]'.</msg>
<status status="PASS" starttime="20220629 16:22:14.686" endtime="20220629 16:22:14.734"/>
</kw>
<kw name="Wait Until Element Is Visible" library="SeleniumLibrary">
<arg>${proccess_checkout}</arg>
<arg>timeout=20s</arg>
<doc>Waits until the element ``locator`` is visible.</doc>
<status status="PASS" starttime="20220629 16:22:14.734" endtime="20220629 16:22:15.704"/>
</kw>
<kw name="Click Element" library="SeleniumLibrary">
<arg>${proccess_checkout}</arg>
<doc>Click the element identified by ``locator``.</doc>
<msg timestamp="20220629 16:22:15.706" level="INFO">Clicking element '//a[@title="Proceed to checkout"]'.</msg>
<status status="PASS" starttime="20220629 16:22:15.705" endtime="20220629 16:22:18.191"/>
</kw>
<status status="PASS" starttime="20220629 16:22:08.585" endtime="20220629 16:22:18.191"/>
</kw>
<kw name="Verify Order Success" library="orderKeyword">
<doc>Need to verify success order</doc>
<kw name="Wait Until Element Is Visible" library="SeleniumLibrary">
<arg>${order_success}</arg>
<arg>timeout=5s</arg>
<doc>Waits until the element ``locator`` is visible.</doc>
<status status="PASS" starttime="20220629 16:22:18.191" endtime="20220629 16:22:18.239"/>
</kw>
<status status="PASS" starttime="20220629 16:22:18.191" endtime="20220629 16:22:18.239"/>
</kw>
<status status="PASS" starttime="20220629 16:21:48.970" endtime="20220629 16:22:18.239"/>
</kw>
<status status="PASS" starttime="20220629 16:21:48.970" endtime="20220629 16:22:18.239"/>
</kw>
<kw name="Run Keyword If" library="BuiltIn">
<arg>'${order_test_method}' == 'All' or '${order_test_method}' == 'NonUser'</arg>
<arg>Test Order For Without Login</arg>
<doc>Runs the given keyword with the given arguments, if ``condition`` is true.</doc>
<status status="PASS" starttime="20220629 16:22:18.239" endtime="20220629 16:22:18.239"/>
</kw>
<status status="PASS" starttime="20220629 16:21:48.970" endtime="20220629 16:22:18.239"/>
</kw>
<status status="PASS" starttime="20220629 16:21:48.962" endtime="20220629 16:22:18.239"/>
</kw>
<doc>Check if order test need to be run</doc>
<status status="PASS" starttime="20220629 16:21:48.962" endtime="20220629 16:22:18.239"/>
</test>
<test id="s1-t6" name="Check Account Test" line="45">
<kw name="Run Keyword If" library="BuiltIn">
<arg>'${runtest}' == 'All' or '${runtest}' == 'Account'</arg>
<arg>Start test Account</arg>
<doc>Runs the given keyword with the given arguments, if ``condition`` is true.</doc>
<kw name="Start test Account" library="accountPage">
<doc>Starting test account</doc>
<kw name="Refresh Homepage" library="homepageKeyword">
<doc>This keyword is use for another test procedure which need start from homepage</doc>
<kw name="Get Element Count" library="SeleniumLibrary">
<var>${need_logout}</var>
<arg>${log_out}</arg>
<doc>Returns the number of elements matching ``locator``.</doc>
<msg timestamp="20220629 16:22:18.254" level="INFO">${need_logout} = 1</msg>
<status status="PASS" starttime="20220629 16:22:18.246" endtime="20220629 16:22:18.254"/>
</kw>
<kw name="Run Keyword If" library="BuiltIn">
<arg>${need_logout} &gt; 0</arg>
<arg>Click Element</arg>
<arg>${log_out}</arg>
<doc>Runs the given keyword with the given arguments, if ``condition`` is true.</doc>
<kw name="Click Element" library="SeleniumLibrary">
[...]
</kw>
<status status="PASS" starttime="20220629 16:22:18.254" endtime="20220629 16:22:20.361"/>
</kw>
<kw name="Get Location" library="SeleniumLibrary">
<var>${url_dummy}</var>
<doc>Returns the current browser window URL.</doc>
<msg timestamp="20220629 16:22:20.369" level="INFO">${url_dummy} = http://automationpractice.com/index.php?controller=order</msg>
<status status="PASS" starttime="20220629 16:22:20.361" endtime="20220629 16:22:20.369"/>
</kw>
<kw name="Run Keyword If" library="BuiltIn">
<arg>'${url_dummy}' != '${base_url}'</arg>
<arg>Go To</arg>
<arg>${base_url}</arg>
<doc>Runs the given keyword with the given arguments, if ``condition`` is true.</doc>
<kw name="Go To" library="SeleniumLibrary">
<arg>${base_url}</arg>
<doc>Navigates the current browser window to the provided ``url``.</doc>
<msg timestamp="20220629 16:22:20.369" level="INFO">Opening url 'http://automationpractice.com/index.php'</msg>
<status status="PASS" starttime="20220629 16:22:20.369" endtime="20220629 16:22:23.251"/>
</kw>
<status status="PASS" starttime="20220629 16:22:20.369" endtime="20220629 16:22:23.251"/>
</kw>
<status status="PASS" starttime="20220629 16:22:18.246" endtime="20220629 16:22:23.251"/>
</kw>
<kw name="Entry Register Page" library="registerKeyword">
<doc>This keyword will entry register page</doc>
<kw name="Click Element" library="SeleniumLibrary">
<arg>${sign_in}</arg>
<doc>Click the element identified by ``locator``.</doc>
<msg timestamp="20220629 16:22:23.258" level="INFO">Clicking element '//a[@class="login"]'.</msg>
<status status="PASS" starttime="20220629 16:22:23.258" endtime="20220629 16:22:25.729"/>
</kw>
<status status="PASS" starttime="20220629 16:22:23.251" endtime="20220629 16:22:25.729"/>
</kw>
<kw name="Verify Register Page" library="registerKeyword">
<doc>Need to verify register page</doc>
<kw name="Location Should Be" library="SeleniumLibrary">
<arg>${register_url}</arg>
<doc>Verifies that the current URL is exactly ``url``.</doc>
<msg timestamp="20220629 16:22:25.737" level="INFO">Current location is 'http://automationpractice.com/index.php?controller=authentication&amp;back=my-account'.</msg>
<status status="PASS" starttime="20220629 16:22:25.737" endtime="20220629 16:22:25.737"/>
</kw>
<status status="PASS" starttime="20220629 16:22:25.729" endtime="20220629 16:22:25.737"/>
</kw>
<kw name="Fill Email And Password Login" library="loginKeyword">
<arg>${correct_email}</arg>
<arg>${correct_password}</arg>
<doc>Fill email and password to login</doc>
<kw name="Run Keyword If" library="BuiltIn">
<arg>'${fill_email}' == 'None'</arg>
<arg>Clear Element Text</arg>
<arg>${input_email}</arg>
<doc>Runs the given keyword with the given arguments, if ``condition`` is true.</doc>
<status status="PASS" starttime="20220629 16:22:25.737" endtime="20220629 16:22:25.737"/>
</kw>
<kw name="Run Keyword If" library="BuiltIn">
<arg>'${fill_email}' != 'None'</arg>
<arg>Input Text</arg>
<arg>${input_email}</arg>
<arg>${fill_email}</arg>
<doc>Runs the given keyword with the given arguments, if ``condition`` is true.</doc>
<kw name="Input Text" library="SeleniumLibrary">
<arg>${input_email}</arg>
<arg>${fill_email}</arg>
<doc>Types the given ``text`` into the text field identified by ``locator``.</doc>
<msg timestamp="20220629 16:22:25.737" level="INFO">Typing text 'abcd_efgh_xyz@gmail.com' into text field '//input[@id="email"]'.</msg>
<status status="PASS" starttime="20220629 16:22:25.737" endtime="20220629 16:22:25.846"/>
</kw>
<status status="PASS" starttime="20220629 16:22:25.737" endtime="20220629 16:22:25.846"/>
</kw>
<kw name="Run Keyword If" library="BuiltIn">
<arg>'${fill_password}' == 'None'</arg>
<arg>Clear Element Text</arg>
<arg>${input_password}</arg>
<doc>Runs the given keyword with the given arguments, if ``condition`` is true.</doc>
<status status="PASS" starttime="20220629 16:22:25.846" endtime="20220629 16:22:25.846"/>
</kw>
<kw name="Run Keyword If" library="BuiltIn">
<arg>'${fill_password}' != 'None'</arg>
<arg>Input Text</arg>
<arg>${input_password}</arg>
<arg>${fill_password}</arg>
<doc>Runs the given keyword with the given arguments, if ``condition`` is true.</doc>
<kw name="Input Text" library="SeleniumLibrary">
<arg>${input_password}</arg>
<arg>${fill_password}</arg>
<doc>Types the given ``text`` into the text field identified by ``locator``.</doc>
<msg timestamp="20220629 16:22:25.846" level="INFO">Typing text '12345' into text field '//input[@id="passwd"]'.</msg>
<status status="PASS" starttime="20220629 16:22:25.846" endtime="20220629 16:22:25.926"/>
</kw>
<status status="PASS" starttime="20220629 16:22:25.846" endtime="20220629 16:22:25.926"/>
</kw>
<kw name="Click Element" library="SeleniumLibrary">
<arg>${button_signin}</arg>
<doc>Click the element identified by ``locator``.</doc>
<msg timestamp="20220629 16:22:25.926" level="INFO">Clicking element '//button[@id="SubmitLogin"]'.</msg>
<status status="PASS" starttime="20220629 16:22:25.926" endtime="20220629 16:22:30.006"/>
</kw>
<status status="PASS" starttime="20220629 16:22:25.737" endtime="20220629 16:22:30.006"/>
</kw>
<kw name="Verify Correct Login" library="loginKeyword">
<doc>Need to verify correct login</doc>
<kw name="Wait Until Element Is Visible" library="SeleniumLibrary">
<arg>${welcome_account}</arg>
<arg>timeout=5s</arg>
<doc>Waits until the element ``locator`` is visible.</doc>
<status status="PASS" starttime="20220629 16:22:30.006" endtime="20220629 16:22:30.030"/>
</kw>
<status status="PASS" starttime="20220629 16:22:30.006" endtime="20220629 16:22:30.030"/>
</kw>
<kw name="Entry Account Info" library="accountKeyword">
<doc>Entry to account user information</doc>
<kw name="Click Element" library="SeleniumLibrary">
<arg>${account_menu}</arg>
<doc>Click the element identified by ``locator``.</doc>
<msg timestamp="20220629 16:22:30.030" level="INFO">Clicking element '//a[@title="View my customer account"]'.</msg>
<status status="PASS" starttime="20220629 16:22:30.030" endtime="20220629 16:22:31.421"/>
</kw>
<kw name="Wait Until Element Is Visible" library="SeleniumLibrary">
<arg>${user_info}</arg>
<arg>timeout=5s</arg>
<doc>Waits until the element ``locator`` is visible.</doc>
<status status="PASS" starttime="20220629 16:22:31.421" endtime="20220629 16:22:31.453"/>
</kw>
<kw name="Click Element" library="SeleniumLibrary">
<arg>${user_info}</arg>
<doc>Click the element identified by ``locator``.</doc>
<msg timestamp="20220629 16:22:31.453" level="INFO">Clicking element '//i[@class="icon-user"]'.</msg>
<status status="PASS" starttime="20220629 16:22:31.453" endtime="20220629 16:22:35.122"/>
</kw>
<kw name="Wait Until Element Is Visible" library="SeleniumLibrary">
<arg>${heading_user_info}</arg>
<arg>timeout=5s</arg>
<doc>Waits until the element ``locator`` is visible.</doc>
<status status="PASS" starttime="20220629 16:22:35.122" endtime="20220629 16:22:35.138"/>
</kw>
<status status="PASS" starttime="20220629 16:22:30.030" endtime="20220629 16:22:35.138"/>
</kw>
<status status="PASS" starttime="20220629 16:22:18.246" endtime="20220629 16:22:35.138"/>
</kw>
<status status="PASS" starttime="20220629 16:22:18.246" endtime="20220629 16:22:35.138"/>
</kw>
<doc>Check if account test need to be run</doc>
<status status="PASS" starttime="20220629 16:22:18.246" endtime="20220629 16:22:35.138"/>
</test>
<test id="s1-t7" name="Check Contact Test" line="50">
<kw name="Run Keyword If" library="BuiltIn">
<arg>'${runtest}' == 'All' or '${runtest}' == 'Contact'</arg>
<arg>Start test Contact</arg>
<doc>Runs the given keyword with the given arguments, if ``condition`` is true.</doc>
<kw name="Start test Contact" library="contactPage">
<doc>Starting test contact us</doc>
<kw name="Run Keyword If" library="BuiltIn">
<arg>'${order_test_method}' == 'All' or '${order_test_method}' == 'Login'</arg>
<arg>Test Contact Us With Login First</arg>
<doc>Runs the given keyword with the given arguments, if ``condition`` is true.</doc>
<kw name="Test Contact Us With Login First" library="contactPage">
<doc>Test contact us for user with login first</doc>
<kw name="Refresh Homepage" library="homepageKeyword">
<doc>This keyword is use for another test procedure which need start from homepage</doc>
<kw name="Get Element Count" library="SeleniumLibrary">
<var>${need_logout}</var>
<arg>${log_out}</arg>
<doc>Returns the number of elements matching ``locator``.</doc>
<msg timestamp="20220629 16:22:35.155" level="INFO">${need_logout} = 1</msg>
<status status="PASS" starttime="20220629 16:22:35.146" endtime="20220629 16:22:35.155"/>
</kw>
<kw name="Run Keyword If" library="BuiltIn">
<arg>${need_logout} &gt; 0</arg>
<arg>Click Element</arg>
<arg>${log_out}</arg>
<doc>Runs the given keyword with the given arguments, if ``condition`` is true.</doc>
<kw name="Click Element" library="SeleniumLibrary">
<arg>${log_out}</arg>
<doc>Click the element identified by ``locator``.</doc>
<msg timestamp="20220629 16:22:35.155" level="INFO">Clicking element '//a[@title="Log me out"]'.</msg>
<status status="PASS" starttime="20220629 16:22:35.155" endtime="20220629 16:22:39.196"/>
</kw>
<status status="PASS" starttime="20220629 16:22:35.155" endtime="20220629 16:22:39.196"/>
</kw>
<kw name="Get Location" library="SeleniumLibrary">
<var>${url_dummy}</var>
<doc>Returns the current browser window URL.</doc>
<msg timestamp="20220629 16:22:39.204" level="INFO">${url_dummy} = http://automationpractice.com/index.php?controller=authentication&amp;back=identity</msg>
<status status="PASS" starttime="20220629 16:22:39.196" endtime="20220629 16:22:39.204"/>
</kw>
<kw name="Run Keyword If" library="BuiltIn">
<arg>'${url_dummy}' != '${base_url}'</arg>
<arg>Go To</arg>
<arg>${base_url}</arg>
<doc>Runs the given keyword with the given arguments, if ``condition`` is true.</doc>
<kw name="Go To" library="SeleniumLibrary">
<arg>${base_url}</arg>
<doc>Navigates the current browser window to the provided ``url``.</doc>
<msg timestamp="20220629 16:22:39.204" level="INFO">Opening url 'http://automationpractice.com/index.php'</msg>
<status status="PASS" starttime="20220629 16:22:39.204" endtime="20220629 16:22:42.290"/>
</kw>
<status status="PASS" starttime="20220629 16:22:39.204" endtime="20220629 16:22:42.290"/>
</kw>
<status status="PASS" starttime="20220629 16:22:35.146" endtime="20220629 16:22:42.290"/>
</kw>
<kw name="Entry Register Page" library="registerKeyword">
<doc>This keyword will entry register page</doc>
<kw name="Click Element" library="SeleniumLibrary">
<arg>${sign_in}</arg>
<doc>Click the element identified by ``locator``.</doc>
<msg timestamp="20220629 16:22:42.293" level="INFO">Clicking element '//a[@class="login"]'.</msg>
<status status="PASS" starttime="20220629 16:22:42.293" endtime="20220629 16:22:45.266"/>
</kw>
<status status="PASS" starttime="20220629 16:22:42.290" endtime="20220629 16:22:45.266"/>
</kw>
<kw name="Verify Register Page" library="registerKeyword">
<doc>Need to verify register page</doc>
<kw name="Location Should Be" library="SeleniumLibrary">
<arg>${register_url}</arg>
<doc>Verifies that the current URL is exactly ``url``.</doc>
<msg timestamp="20220629 16:22:45.274" level="INFO">Current location is 'http://automationpractice.com/index.php?controller=authentication&amp;back=my-account'.</msg>
<status status="PASS" starttime="20220629 16:22:45.266" endtime="20220629 16:22:45.274"/>
</kw>
<status status="PASS" starttime="20220629 16:22:45.266" endtime="20220629 16:22:45.274"/>
</kw>
<kw name="Fill Email And Password Login" library="loginKeyword">
<arg>${correct_email}</arg>
<arg>${correct_password}</arg>
<doc>Fill email and password to login</doc>
<kw name="Run Keyword If" library="BuiltIn">
<arg>'${fill_email}' == 'None'</arg>
<arg>Clear Element Text</arg>
<arg>${input_email}</arg>
<doc>Runs the given keyword with the given arguments, if ``condition`` is true.</doc>
<status status="PASS" starttime="20220629 16:22:45.274" endtime="20220629 16:22:45.274"/>
</kw>
<kw name="Run Keyword If" library="BuiltIn">
<arg>'${fill_email}' != 'None'</arg>
<arg>Input Text</arg>
<arg>${input_email}</arg>
<arg>${fill_email}</arg>
<doc>Runs the given keyword with the given arguments, if ``condition`` is true.</doc>
<kw name="Input Text" library="SeleniumLibrary">
<arg>${input_email}</arg>
<arg>${fill_email}</arg>
<doc>Types the given ``text`` into the text field identified by ``locator``.</doc>
<msg timestamp="20220629 16:22:45.274" level="INFO">Typing text 'abcd_efgh_xyz@gmail.com' into text field '//input[@id="email"]'.</msg>
<status status="PASS" starttime="20220629 16:22:45.274" endtime="20220629 16:22:45.380"/>
</kw>
<status status="PASS" starttime="20220629 16:22:45.274" endtime="20220629 16:22:45.380"/>
</kw>
<kw name="Run Keyword If" library="BuiltIn">
<arg>'${fill_password}' == 'None'</arg>
<arg>Clear Element Text</arg>
<arg>${input_password}</arg>
<doc>Runs the given keyword with the given arguments, if ``condition`` is true.</doc>
<status status="PASS" starttime="20220629 16:22:45.380" endtime="20220629 16:22:45.380"/>
</kw>
<kw name="Run Keyword If" library="BuiltIn">
<arg>'${fill_password}' != 'None'</arg>
<arg>Input Text</arg>
<arg>${input_password}</arg>
<arg>${fill_password}</arg>
<doc>Runs the given keyword with the given arguments, if ``condition`` is true.</doc>
<kw name="Input Text" library="SeleniumLibrary">
<arg>${input_password}</arg>
<arg>${fill_password}</arg>
<doc>Types the given ``text`` into the text field identified by ``locator``.</doc>
<msg timestamp="20220629 16:22:45.380" level="INFO">Typing text '12345' into text field '//input[@id="passwd"]'.</msg>
<status status="PASS" starttime="20220629 16:22:45.380" endtime="20220629 16:22:45.468"/>
</kw>
<status status="PASS" starttime="20220629 16:22:45.380" endtime="20220629 16:22:45.468"/>
</kw>
<kw name="Click Element" library="SeleniumLibrary">
<arg>${button_signin}</arg>
<doc>Click the element identified by ``locator``.</doc>
<msg timestamp="20220629 16:22:45.468" level="INFO">Clicking element '//button[@id="SubmitLogin"]'.</msg>
<status status="PASS" starttime="20220629 16:22:45.468" endtime="20220629 16:22:48.183"/>
</kw>
<status status="PASS" starttime="20220629 16:22:45.274" endtime="20220629 16:22:48.183"/>
</kw>
<kw name="Verify Correct Login" library="loginKeyword">
<doc>Need to verify correct login</doc>
<kw name="Wait Until Element Is Visible" library="SeleniumLibrary">
<arg>${welcome_account}</arg>
<arg>timeout=5s</arg>
<doc>Waits until the element ``locator`` is visible.</doc>
<status status="PASS" starttime="20220629 16:22:48.183" endtime="20220629 16:22:48.207"/>
</kw>
<status status="PASS" starttime="20220629 16:22:48.183" endtime="20220629 16:22:48.207"/>
</kw>
<kw name="Entry Contact Page" library="contactKeyword">
<doc>Entry contact us page</doc>
<kw name="Click Element" library="SeleniumLibrary">
<arg>${contact_menu}</arg>
<doc>Click the element identified by ``locator``.</doc>
<msg timestamp="20220629 16:22:48.207" level="INFO">Clicking element '//div[@id="contact-link"]'.</msg>
<status status="PASS" starttime="20220629 16:22:48.207" endtime="20220629 16:22:50.421"/>
</kw>
<status status="PASS" starttime="20220629 16:22:48.207" endtime="20220629 16:22:50.421"/>
</kw>
<kw name="Verify Contact Page" library="contactKeyword">
<doc>Need to verify contact us page</doc>
<kw name="Wait Until Element Is Visible" library="SeleniumLibrary">
<arg>${contact_form}</arg>
<arg>timeout=5s</arg>
<doc>Waits until the element ``locator`` is visible.</doc>
<status status="PASS" starttime="20220629 16:22:50.421" endtime="20220629 16:22:50.453"/>
</kw>
<status status="PASS" starttime="20220629 16:22:50.421" endtime="20220629 16:22:50.453"/>
</kw>
<kw name="Fill Message To Contact" library="contactKeyword">
<doc>Need to fill message to contact</doc>
<kw name="Select From List By Value" library="SeleniumLibrary">
<arg>${subject_list}</arg>
<arg>2</arg>
<doc>Selects options from selection list ``locator`` by ``values``.</doc>
<msg timestamp="20220629 16:22:50.453" level="INFO">Selecting options from selection list '//select[@id="id_contact"]' by value 2.</msg>
<status status="PASS" starttime="20220629 16:22:50.453" endtime="20220629 16:22:50.520"/>
</kw>
<kw name="Select From List By Value" library="SeleniumLibrary">
<arg>${order_list}</arg>
<arg>0</arg>
<doc>Selects options from selection list ``locator`` by ``values``.</doc>
<msg timestamp="20220629 16:22:50.520" level="INFO">Selecting options from selection list '//select[@name="id_order"]' by value 0.</msg>
<status status="PASS" starttime="20220629 16:22:50.520" endtime="20220629 16:22:50.577"/>
</kw>
<kw name="Input Text" library="SeleniumLibrary">
<arg>${message_text}</arg>
<arg>${message}</arg>
<doc>Types the given ``text`` into the text field identified by ``locator``.</doc>
<msg timestamp="20220629 16:22:50.577" level="INFO">Typing text 'Problem with order' into text field '//textarea[@id="message"]'.</msg>
<status status="PASS" starttime="20220629 16:22:50.577" endtime="20220629 16:22:50.665"/>
</kw>
<status status="PASS" starttime="20220629 16:22:50.453" endtime="20220629 16:22:50.665"/>
</kw>
<kw name="Submit Message To Contact" library="contactKeyword">
<doc>Submit message</doc>
<kw name="Click Element" library="SeleniumLibrary">
<arg>${submit_message}</arg>
<doc>Click the element identified by ``locator``.</doc>
<msg timestamp="20220629 16:22:50.665" level="INFO">Clicking element '//button[@id="submitMessage"]'.</msg>
<status status="PASS" starttime="20220629 16:22:50.665" endtime="20220629 16:22:52.685"/>
</kw>
<status status="PASS" starttime="20220629 16:22:50.665" endtime="20220629 16:22:52.685"/>
</kw>
<kw name="Verify Message Success Submit" library="contactKeyword">
<doc>Need to verify if message success to be submitted</doc>
<kw name="Wait Until Element Is Visible" library="SeleniumLibrary">
<arg>${success_submit}</arg>
<arg>timeout=5s</arg>
<doc>Waits until the element ``locator`` is visible.</doc>
<status status="PASS" starttime="20220629 16:22:52.685" endtime="20220629 16:22:52.709"/>
</kw>
<status status="PASS" starttime="20220629 16:22:52.685" endtime="20220629 16:22:52.709"/>
</kw>
<status status="PASS" starttime="20220629 16:22:35.146" endtime="20220629 16:22:52.709"/>
</kw>
<status status="PASS" starttime="20220629 16:22:35.146" endtime="20220629 16:22:52.709"/>
</kw>
<kw name="Run Keyword If" library="BuiltIn">
<arg>'${order_test_method}' == 'All' or '${order_test_method}' == 'NonUser'</arg>
<arg>Test Contact Us For Without Login</arg>
<doc>Runs the given keyword with the given arguments, if ``condition`` is true.</doc>
<status status="PASS" starttime="20220629 16:22:52.709" endtime="20220629 16:22:52.709"/>
</kw>
<status status="PASS" starttime="20220629 16:22:35.146" endtime="20220629 16:22:52.709"/>
</kw>
<status status="PASS" starttime="20220629 16:22:35.146" endtime="20220629 16:22:52.709"/>
</kw>
<doc>Check if contact test need to be run</doc>
<status status="PASS" starttime="20220629 16:22:35.146" endtime="20220629 16:22:52.709"/>
</test>
<test id="s1-t8" name="Stop test Automation" line="55">
<kw name="Close Url" library="main">
<doc>Close browser and url</doc>
<kw name="Close Browser" library="SeleniumLibrary">
<doc>Closes the current browser.</doc>
<status status="PASS" starttime="20220629 16:22:52.709" endtime="20220629 16:22:55.116"/>
</kw>
<status status="PASS" starttime="20220629 16:22:52.709" endtime="20220629 16:22:55.116"/>
</kw>
<doc>Automation practice will be stop</doc>
<status status="PASS" starttime="20220629 16:22:52.709" endtime="20220629 16:22:55.117"/>
</test>
<doc>Test Automation with POM method</doc>
<status status="PASS" starttime="20220629 16:20:19.412" endtime="20220629 16:22:55.118"/>
</suite>
<statistics>
<total>
<stat pass="8" fail="0" skip="0">All Tests</stat>
</total>
<tag>
</tag>
<suite>
<stat pass="8" fail="0" skip="0" id="s1" name="automationPractice">automationPractice</stat>
</suite>
</statistics>
<errors>
</errors>
</robot>
