<?xml version="1.0" encoding="UTF-8"?>
<robot generator="Robot 5.0.1 (Python 3.10.2 on win32)" generated="20220714 22:38:20.567" rpa="false" schemaversion="3">
<suite id="s1" name="calcApp" source="C:\Junior\QA\PortofolioNyoman\Mobile_FlightApp\calcApp.robot">
<test id="s1-t1" name="Starting test automation for calculator application" line="9">
<kw name="Open Calculator Application" library="main">
<doc>Open calculator application</doc>
<kw name="Open Application" library="AppiumLibrary">
<arg>${REMOTE_URL}</arg>
<arg>platformName=${PLATFORM_NAME}</arg>
<arg>platformVersion=${PLATFORM_VERSION}</arg>
<arg>deviceName=${DEVICE_NAME}</arg>
<arg>appPackage=${APP_PACKAGE}</arg>
<arg>appActivity=${APP_ACTIVITY}</arg>
<arg>automationName=${AUTOMATION_NAME}</arg>
<doc>Opens a new application to given Appium server.
Capabilities of appium server, Android and iOS,
Please check https://github.com/appium/appium/blob/master/docs/en/writing-running-appium/server-args.md
| *Option*            | *Man.* | *Description*     |
| remote_url          | Yes    | Appium server url |
| alias               | no     | alias             |</doc>
<status status="PASS" starttime="20220714 22:38:20.784" endtime="20220714 22:38:30.991"/>
</kw>
<status status="PASS" starttime="20220714 22:38:20.784" endtime="20220714 22:38:30.992"/>
</kw>
<kw name="Verify Calculator Application Homepage" library="homePage">
<doc>Verify open application</doc>
<kw name="Verify Homepage Calculator" library="homepageKeyword">
<doc>Need to verify homepage calculator</doc>
<kw name="Wait Until Element Is Visible" library="AppiumLibrary">
<arg>${formula_box}</arg>
<arg>5s</arg>
<doc>Waits until element specified with `locator` is visible.</doc>
<status status="PASS" starttime="20220714 22:38:30.993" endtime="20220714 22:38:32.080"/>
</kw>
<status status="PASS" starttime="20220714 22:38:30.993" endtime="20220714 22:38:32.080"/>
</kw>
<status status="PASS" starttime="20220714 22:38:30.992" endtime="20220714 22:38:32.080"/>
</kw>
<kw name="Starting Test Operation on Calculator" library="homePage">
<doc>Test operation on calculator application</doc>
<kw name="Test Addition Operation" library="homepageKeyword">
<doc>Proccess Addition Operation</doc>
<kw name="Click Element" library="AppiumLibrary">
<arg>${digit_1}</arg>
<doc>Click element identified by `locator`.</doc>
<msg timestamp="20220714 22:38:32.084" level="INFO">Clicking element 'com.android.calculator2:id/digit_1'.</msg>
<status status="PASS" starttime="20220714 22:38:32.082" endtime="20220714 22:38:32.158"/>
</kw>
<kw name="Click Element" library="AppiumLibrary">
<arg>${op_add}</arg>
<doc>Click element identified by `locator`.</doc>
<msg timestamp="20220714 22:38:32.161" level="INFO">Clicking element 'com.android.calculator2:id/op_add'.</msg>
<status status="PASS" starttime="20220714 22:38:32.158" endtime="20220714 22:38:32.717"/>
</kw>
<kw name="Click Element" library="AppiumLibrary">
<arg>${digit_5}</arg>
<doc>Click element identified by `locator`.</doc>
<msg timestamp="20220714 22:38:32.720" level="INFO">Clicking element 'com.android.calculator2:id/digit_5'.</msg>
<status status="PASS" starttime="20220714 22:38:32.717" endtime="20220714 22:38:33.249"/>
</kw>
<kw name="Click Element" library="AppiumLibrary">
<arg>${op_equal}</arg>
<doc>Click element identified by `locator`.</doc>
<msg timestamp="20220714 22:38:33.253" level="INFO">Clicking element 'com.android.calculator2:id/eq'.</msg>
<status status="PASS" starttime="20220714 22:38:33.249" endtime="20220714 22:38:33.819"/>
</kw>
<kw name="Element Should Contain Text" library="AppiumLibrary">
<arg>${result_box}</arg>
<arg>6</arg>
<doc>Verifies element identified by ``locator`` contains text ``expected``.</doc>
<msg timestamp="20220714 22:38:33.822" level="INFO">Verifying element 'com.android.calculator2:id/result' contains text '6'.</msg>
<status status="PASS" starttime="20220714 22:38:33.819" endtime="20220714 22:38:34.910"/>
</kw>
<kw name="Click Element" library="AppiumLibrary">
<arg>${op_clr}</arg>
<doc>Click element identified by `locator`.</doc>
<msg timestamp="20220714 22:38:34.919" level="INFO">Clicking element 'com.android.calculator2:id/clr'.</msg>
<status status="PASS" starttime="20220714 22:38:34.911" endtime="20220714 22:38:34.993"/>
</kw>
<status status="PASS" starttime="20220714 22:38:32.081" endtime="20220714 22:38:34.993"/>
</kw>
<kw name="Test Substraction Operation" library="homepageKeyword">
<doc>Proccess Substraction Operation</doc>
<kw name="Click Element" library="AppiumLibrary">
<arg>${digit_6}</arg>
<doc>Click element identified by `locator`.</doc>
<msg timestamp="20220714 22:38:34.997" level="INFO">Clicking element 'com.android.calculator2:id/digit_6'.</msg>
<status status="PASS" starttime="20220714 22:38:34.994" endtime="20220714 22:38:36.155"/>
</kw>
<kw name="Click Element" library="AppiumLibrary">
<arg>${op_sub}</arg>
<doc>Click element identified by `locator`.</doc>
<msg timestamp="20220714 22:38:36.159" level="INFO">Clicking element 'com.android.calculator2:id/op_sub'.</msg>
<status status="PASS" starttime="20220714 22:38:36.155" endtime="20220714 22:38:36.702"/>
</kw>
<kw name="Click Element" library="AppiumLibrary">
<arg>${digit_2}</arg>
<doc>Click element identified by `locator`.</doc>
<msg timestamp="20220714 22:38:36.705" level="INFO">Clicking element 'com.android.calculator2:id/digit_2'.</msg>
<status status="PASS" starttime="20220714 22:38:36.702" endtime="20220714 22:38:37.262"/>
</kw>
<kw name="Click Element" library="AppiumLibrary">
<arg>${op_equal}</arg>
<doc>Click element identified by `locator`.</doc>
<msg timestamp="20220714 22:38:37.265" level="INFO">Clicking element 'com.android.calculator2:id/eq'.</msg>
<status status="PASS" starttime="20220714 22:38:37.263" endtime="20220714 22:38:37.838"/>
</kw>
<kw name="Element Should Contain Text" library="AppiumLibrary">
<arg>${result_box}</arg>
<arg>4</arg>
<doc>Verifies element identified by ``locator`` contains text ``expected``.</doc>
<msg timestamp="20220714 22:38:37.841" level="INFO">Verifying element 'com.android.calculator2:id/result' contains text '4'.</msg>
<status status="PASS" starttime="20220714 22:38:37.838" endtime="20220714 22:38:38.907"/>
</kw>
<kw name="Click Element" library="AppiumLibrary">
<arg>${op_clr}</arg>
<doc>Click element identified by `locator`.</doc>
<msg timestamp="20220714 22:38:38.911" level="INFO">Clicking element 'com.android.calculator2:id/clr'.</msg>
<status status="PASS" starttime="20220714 22:38:38.907" endtime="20220714 22:38:38.951"/>
</kw>
<status status="PASS" starttime="20220714 22:38:34.993" endtime="20220714 22:38:38.951"/>
</kw>
<kw name="Test Multiplication Operation" library="homepageKeyword">
<doc>Proccess Multiplication Operation</doc>
<kw name="Click Element" library="AppiumLibrary">
<arg>${digit_2}</arg>
<doc>Click element identified by `locator`.</doc>
<msg timestamp="20220714 22:38:38.954" level="INFO">Clicking element 'com.android.calculator2:id/digit_2'.</msg>
<status status="PASS" starttime="20220714 22:38:38.952" endtime="20220714 22:38:40.132"/>
</kw>
<kw name="Click Element" library="AppiumLibrary">
<arg>${op_mul}</arg>
<doc>Click element identified by `locator`.</doc>
<msg timestamp="20220714 22:38:40.136" level="INFO">Clicking element 'com.android.calculator2:id/op_mul'.</msg>
<status status="PASS" starttime="20220714 22:38:40.132" endtime="20220714 22:38:40.694"/>
</kw>
<kw name="Click Element" library="AppiumLibrary">
<arg>${digit_4}</arg>
<doc>Click element identified by `locator`.</doc>
<msg timestamp="20220714 22:38:40.697" level="INFO">Clicking element 'com.android.calculator2:id/digit_4'.</msg>
<status status="PASS" starttime="20220714 22:38:40.694" endtime="20220714 22:38:41.229"/>
</kw>
<kw name="Click Element" library="AppiumLibrary">
<arg>${op_equal}</arg>
<doc>Click element identified by `locator`.</doc>
<msg timestamp="20220714 22:38:41.232" level="INFO">Clicking element 'com.android.calculator2:id/eq'.</msg>
<status status="PASS" starttime="20220714 22:38:41.230" endtime="20220714 22:38:41.781"/>
</kw>
<kw name="Element Should Contain Text" library="AppiumLibrary">
<arg>${result_box}</arg>
<arg>8</arg>
<doc>Verifies element identified by ``locator`` contains text ``expected``.</doc>
<msg timestamp="20220714 22:38:41.783" level="INFO">Verifying element 'com.android.calculator2:id/result' contains text '8'.</msg>
<status status="PASS" starttime="20220714 22:38:41.781" endtime="20220714 22:38:42.854"/>
</kw>
<kw name="Click Element" library="AppiumLibrary">
<arg>${op_clr}</arg>
<doc>Click element identified by `locator`.</doc>
<msg timestamp="20220714 22:38:42.859" level="INFO">Clicking element 'com.android.calculator2:id/clr'.</msg>
<status status="PASS" starttime="20220714 22:38:42.854" endtime="20220714 22:38:42.896"/>
</kw>
<status status="PASS" starttime="20220714 22:38:38.952" endtime="20220714 22:38:42.896"/>
</kw>
<kw name="Test Divider Operation" library="homepageKeyword">
<doc>Proccess Divider Operation</doc>
<kw name="Click Element" library="AppiumLibrary">
<arg>${digit_9}</arg>
<doc>Click element identified by `locator`.</doc>
<msg timestamp="20220714 22:38:42.898" level="INFO">Clicking element 'com.android.calculator2:id/digit_9'.</msg>
<status status="PASS" starttime="20220714 22:38:42.897" endtime="20220714 22:38:44.062"/>
</kw>
<kw name="Click Element" library="AppiumLibrary">
<arg>${op_div}</arg>
<doc>Click element identified by `locator`.</doc>
<msg timestamp="20220714 22:38:44.064" level="INFO">Clicking element 'com.android.calculator2:id/op_div'.</msg>
<status status="PASS" starttime="20220714 22:38:44.062" endtime="20220714 22:38:44.595"/>
</kw>
<kw name="Click Element" library="AppiumLibrary">
<arg>${digit_3}</arg>
<doc>Click element identified by `locator`.</doc>
<msg timestamp="20220714 22:38:44.598" level="INFO">Clicking element 'com.android.calculator2:id/digit_3'.</msg>
<status status="PASS" starttime="20220714 22:38:44.595" endtime="20220714 22:38:45.140"/>
</kw>
<kw name="Click Element" library="AppiumLibrary">
<arg>${op_equal}</arg>
<doc>Click element identified by `locator`.</doc>
<msg timestamp="20220714 22:38:45.142" level="INFO">Clicking element 'com.android.calculator2:id/eq'.</msg>
<status status="PASS" starttime="20220714 22:38:45.140" endtime="20220714 22:38:45.698"/>
</kw>
<kw name="Element Should Contain Text" library="AppiumLibrary">
<arg>${result_box}</arg>
<arg>3</arg>
<doc>Verifies element identified by ``locator`` contains text ``expected``.</doc>
<msg timestamp="20220714 22:38:45.701" level="INFO">Verifying element 'com.android.calculator2:id/result' contains text '3'.</msg>
<status status="PASS" starttime="20220714 22:38:45.699" endtime="20220714 22:38:46.757"/>
</kw>
<kw name="Click Element" library="AppiumLibrary">
<arg>${op_clr}</arg>
<doc>Click element identified by `locator`.</doc>
<msg timestamp="20220714 22:38:46.760" level="INFO">Clicking element 'com.android.calculator2:id/clr'.</msg>
<status status="PASS" starttime="20220714 22:38:46.757" endtime="20220714 22:38:46.803"/>
</kw>
<status status="PASS" starttime="20220714 22:38:42.896" endtime="20220714 22:38:46.804"/>
</kw>
<status status="PASS" starttime="20220714 22:38:32.081" endtime="20220714 22:38:46.804"/>
</kw>
<kw name="Close Calculator Application" library="main">
<doc>Close calculator application</doc>
<kw name="Close Application" library="AppiumLibrary">
<doc>Closes the current application and also close webdriver session.</doc>
<status status="PASS" starttime="20220714 22:38:46.805" endtime="20220714 22:38:47.353"/>
</kw>
<status status="PASS" starttime="20220714 22:38:46.804" endtime="20220714 22:38:47.353"/>
</kw>
<doc>Start test automation</doc>
<status status="PASS" starttime="20220714 22:38:20.783" endtime="20220714 22:38:47.356"/>
</test>
<doc>Test automation for calculator application</doc>
<status status="PASS" starttime="20220714 22:38:20.569" endtime="20220714 22:38:47.359"/>
</suite>
<statistics>
<total>
<stat pass="1" fail="0" skip="0">All Tests</stat>
</total>
<tag>
</tag>
<suite>
<stat pass="1" fail="0" skip="0" id="s1" name="calcApp">calcApp</stat>
</suite>
</statistics>
<errors>
</errors>
</robot>
